--------------------------------------------------------------------------------
Release 13.3 Trace  (nt)
Copyright (c) 1995-2011 Xilinx, Inc.  All rights reserved.

D:\Xilinx\13.3\ISE_DS\ISE\bin\nt\unwrapped\trce.exe -intstyle ise -v 3 -s 3 -n
3 -fastpaths -xml top_cpu.twx top_cpu.ncd -o top_cpu.twr top_cpu.pcf -ucf
top_cpu_ucf.ucf

Design file:              top_cpu.ncd
Physical constraint file: top_cpu.pcf
Device,package,speed:     xc6slx16,csg324,C,-3 (PRODUCTION 1.20 2011-10-03)
Report level:             verbose report

Environment Variable      Effect 
--------------------      ------ 
NONE                      No environment variables were set
--------------------------------------------------------------------------------

INFO:Timing:2698 - No timing constraints found, doing default enumeration.
INFO:Timing:2752 - To get complete path coverage, use the unconstrained paths 
   option. All paths that are not constrained will be reported in the 
   unconstrained paths section(s) of the report.
INFO:Timing:3339 - The clock-to-out numbers in this timing report are based on 
   a 50 Ohm transmission line loading model.  For the details of this model, 
   and for more information on accounting for different loading conditions, 
   please see the device datasheet.



Data Sheet report:
-----------------
All values displayed in nanoseconds (ns)

Setup/Hold to clock clk
------------+------------+------------+------------+------------+------------------+--------+
            |Max Setup to|  Process   |Max Hold to |  Process   |                  | Clock  |
Source      | clk (edge) |   Corner   | clk (edge) |   Corner   |Internal Clock(s) | Phase  |
------------+------------+------------+------------+------------+------------------+--------+
rst         |    1.357(R)|      SLOW  |    0.337(R)|      SLOW  |clk_BUFGP         |   0.000|
------------+------------+------------+------------+------------+------------------+--------+

Clock clk to Pad
------------+-----------------+------------+-----------------+------------+------------------+--------+
            |Max (slowest) clk|  Process   |Min (fastest) clk|  Process   |                  | Clock  |
Destination |  (edge) to PAD  |   Corner   |  (edge) to PAD  |   Corner   |Internal Clock(s) | Phase  |
------------+-----------------+------------+-----------------+------------+------------------+--------+
b<0>        |        10.103(R)|      SLOW  |         5.588(R)|      FAST  |clk_BUFGP         |   0.000|
b<1>        |         9.898(R)|      SLOW  |         5.480(R)|      FAST  |clk_BUFGP         |   0.000|
g<0>        |         9.649(R)|      SLOW  |         5.316(R)|      FAST  |clk_BUFGP         |   0.000|
g<1>        |         9.673(R)|      SLOW  |         5.337(R)|      FAST  |clk_BUFGP         |   0.000|
g<2>        |         9.660(R)|      SLOW  |         5.324(R)|      FAST  |clk_BUFGP         |   0.000|
hs          |        10.350(R)|      SLOW  |         5.469(R)|      FAST  |clk_BUFGP         |   0.000|
r<0>        |         9.641(R)|      SLOW  |         5.346(R)|      FAST  |clk_BUFGP         |   0.000|
r<1>        |         9.487(R)|      SLOW  |         5.230(R)|      FAST  |clk_BUFGP         |   0.000|
r<2>        |         9.784(R)|      SLOW  |         5.384(R)|      FAST  |clk_BUFGP         |   0.000|
vs          |        10.881(R)|      SLOW  |         5.069(R)|      FAST  |clk_BUFGP         |   0.000|
------------+-----------------+------------+-----------------+------------+------------------+--------+

Clock to Setup on destination clock clk
---------------+---------+---------+---------+---------+
               | Src:Rise| Src:Fall| Src:Rise| Src:Fall|
Source Clock   |Dest:Rise|Dest:Rise|Dest:Fall|Dest:Fall|
---------------+---------+---------+---------+---------+
clk            |   12.503|         |         |         |
---------------+---------+---------+---------+---------+


Analysis completed Mon Sep 09 23:20:42 2013 
--------------------------------------------------------------------------------

Trace Settings:
-------------------------
Trace Settings 

Peak Memory Usage: 153 MB



