Release 13.3 Map O.76xd (nt)
Xilinx Mapping Report File for Design 'top_core'

Design Information
------------------
Command Line   : map -intstyle ise -p xc6slx16-csg324-3 -w -logic_opt off -ol
high -t 1 -xt 0 -register_duplication off -r 4 -global_opt off -mt off -ir off
-pr off -lc off -power off -o top_core_map.ncd top_core.ngd top_core.pcf 
Target Device  : xc6slx16
Target Package : csg324
Target Speed   : -3
Mapper Version : spartan6 -- $Revision: 1.55 $
Mapped Date    : Tue Sep 10 20:11:02 2013

Design Summary
--------------
Number of errors:      0
Number of warnings:    1
Slice Logic Utilization:
  Number of Slice Registers:                   345 out of  18,224    1%
    Number used as Flip Flops:                 343
    Number used as Latches:                      2
    Number used as Latch-thrus:                  0
    Number used as AND/OR logics:                0
  Number of Slice LUTs:                      2,656 out of   9,112   29%
    Number used as logic:                    2,042 out of   9,112   22%
      Number using O6 output only:           1,816
      Number using O5 output only:              29
      Number using O5 and O6:                  197
      Number used as ROM:                        0
    Number used as Memory:                     612 out of   2,176   28%
      Number used as Dual Port RAM:              0
      Number used as Single Port RAM:          612
        Number using O6 output only:           596
        Number using O5 output only:             0
        Number using O5 and O6:                 16
      Number used as Shift Register:             0
    Number used exclusively as route-thrus:      2
      Number with same-slice register load:      0
      Number with same-slice carry load:         2
      Number with other load:                    0

Slice Logic Distribution:
  Number of occupied Slices:                   820 out of   2,278   35%
  Nummber of MUXCYs used:                      124 out of   4,556    2%
  Number of LUT Flip Flop pairs used:        2,657
    Number with an unused Flip Flop:         2,312 out of   2,657   87%
    Number with an unused LUT:                   1 out of   2,657    1%
    Number of fully used LUT-FF pairs:         344 out of   2,657   12%
    Number of unique control sets:              23
    Number of slice register sites lost
      to control set restrictions:              27 out of  18,224    1%

  A LUT Flip Flop pair for this architecture represents one LUT paired with
  one Flip Flop within a slice.  A control set is a unique combination of
  clock, reset, set, and enable signals for a registered element.
  The Slice Logic Distribution report is not meaningful if the design is
  over-mapped for a non-slice resource or if Placement fails.

IO Utilization:
  Number of bonded IOBs:                        36 out of     232   15%
    Number of LOCed IOBs:                       35 out of      36   97%

Specific Feature Utilization:
  Number of RAMB16BWERs:                         0 out of      32    0%
  Number of RAMB8BWERs:                          0 out of      64    0%
  Number of BUFIO2/BUFIO2_2CLKs:                 0 out of      32    0%
  Number of BUFIO2FB/BUFIO2FB_2CLKs:             0 out of      32    0%
  Number of BUFG/BUFGMUXs:                       2 out of      16   12%
    Number used as BUFGs:                        2
    Number used as BUFGMUX:                      0
  Number of DCM/DCM_CLKGENs:                     0 out of       4    0%
  Number of ILOGIC2/ISERDES2s:                   0 out of     248    0%
  Number of IODELAY2/IODRP2/IODRP2_MCBs:         0 out of     248    0%
  Number of OLOGIC2/OSERDES2s:                   0 out of     248    0%
  Number of BSCANs:                              0 out of       4    0%
  Number of BUFHs:                               0 out of     128    0%
  Number of BUFPLLs:                             0 out of       8    0%
  Number of BUFPLL_MCBs:                         0 out of       4    0%
  Number of DSP48A1s:                            4 out of      32   12%
  Number of ICAPs:                               0 out of       1    0%
  Number of MCBs:                                0 out of       2    0%
  Number of PCILOGICSEs:                         0 out of       2    0%
  Number of PLL_ADVs:                            0 out of       2    0%
  Number of PMVs:                                0 out of       1    0%
  Number of STARTUPs:                            0 out of       1    0%
  Number of SUSPEND_SYNCs:                       0 out of       1    0%

Average Fanout of Non-Clock Nets:                6.58

Peak Memory Usage:  390 MB
Total REAL time to MAP completion:  1 mins 12 secs 
Total CPU time to MAP completion:   1 mins 10 secs 

Table of Contents
-----------------
Section 1 - Errors
Section 2 - Warnings
Section 3 - Informational
Section 4 - Removed Logic Summary
Section 5 - Removed Logic
Section 6 - IOB Properties
Section 7 - RPMs
Section 8 - Guide Report
Section 9 - Area Group and Partition Summary
Section 10 - Timing Report
Section 11 - Configuration String Information
Section 12 - Control Set Information
Section 13 - Utilization by Hierarchy

Section 1 - Errors
------------------

Section 2 - Warnings
--------------------
WARNING:PhysDesignRules:372 - Gated clock. Clock net
   BEPU/vgacu/sel_rw_sm/Mram_state_reg[1]_GND_85_o_Mux_9_o is sourced by a
   combinatorial pin. This is not good design practice. Use the CE pin to
   control the loading of data into the flip-flop.

Section 3 - Informational
-------------------------
INFO:MapLib:562 - No environment variables are currently set.
INFO:LIT:244 - All of the single ended outputs in this design are using slew
   rate limited output drivers. The delay on speed critical single ended outputs
   can be dramatically reduced by designating them as fast outputs.
INFO:Pack:1716 - Initializing temperature to 85.000 Celsius. (default - Range:
   0.000 to 85.000 Celsius)
INFO:Pack:1720 - Initializing voltage to 1.140 Volts. (default - Range: 1.140 to
   1.260 Volts)
INFO:Map:215 - The Interim Design Summary has been generated in the MAP Report
   (.mrp).
INFO:Place:834 - Only a subset of IOs are locked. Out of 36 IOs, 35 are locked
   and 1 are not locked. If you would like to print the names of these IOs,
   please set the environment variable XIL_PAR_DESIGN_CHECK_VERBOSE to 1. 
INFO:Pack:1650 - Map created a placed design.

Section 4 - Removed Logic Summary
---------------------------------
   2 block(s) optimized away

Section 5 - Removed Logic
-------------------------

Optimized Block(s):
TYPE 		BLOCK
GND 		XST_GND
VCC 		XST_VCC

To enable printing of redundant blocks removed and signals merged, set the
detailed map report option and rerun map.

Section 6 - IOB Properties
--------------------------

+---------------------------------------------------------------------------------------------------------------------------------------------------------+
| IOB Name                           | Type             | Direction | IO Standard          | Diff  | Drive    | Slew | Reg (s)      | Resistor | IOB      |
|                                    |                  |           |                      | Term  | Strength | Rate |              |          | Delay    |
+---------------------------------------------------------------------------------------------------------------------------------------------------------+
| AN<0>                              | IOB              | OUTPUT    | LVCMOS33             |       | 12       | SLOW |              |          |          |
| AN<1>                              | IOB              | OUTPUT    | LVCMOS33             |       | 12       | SLOW |              |          |          |
| AN<2>                              | IOB              | OUTPUT    | LVCMOS33             |       | 12       | SLOW |              |          |          |
| AN<3>                              | IOB              | OUTPUT    | LVCMOS33             |       | 12       | SLOW |              |          |          |
| SW<0>                              | IOB              | INPUT     | LVCMOS33             |       |          |      |              |          |          |
| SW<1>                              | IOB              | INPUT     | LVCMOS33             |       |          |      |              |          |          |
| SW<2>                              | IOB              | INPUT     | LVCMOS33             |       |          |      |              |          |          |
| b<0>                               | IOB              | OUTPUT    | LVCMOS33             |       | 12       | SLOW |              |          |          |
| b<1>                               | IOB              | OUTPUT    | LVCMOS33             |       | 12       | SLOW |              |          |          |
| clk                                | IOB              | INPUT     | LVCMOS33             |       |          |      |              |          |          |
| cpu_clk                            | IOB              | OUTPUT    | LVCMOS25             |       | 12       | SLOW |              |          |          |
| g<0>                               | IOB              | OUTPUT    | LVCMOS33             |       | 12       | SLOW |              |          |          |
| g<1>                               | IOB              | OUTPUT    | LVCMOS33             |       | 12       | SLOW |              |          |          |
| g<2>                               | IOB              | OUTPUT    | LVCMOS33             |       | 12       | SLOW |              |          |          |
| hs                                 | IOB              | OUTPUT    | LVCMOS33             |       | 12       | SLOW |              |          |          |
| led_data<0>                        | IOB              | OUTPUT    | LVCMOS33             |       | 12       | SLOW |              |          |          |
| led_data<1>                        | IOB              | OUTPUT    | LVCMOS33             |       | 12       | SLOW |              |          |          |
| led_data<2>                        | IOB              | OUTPUT    | LVCMOS33             |       | 12       | SLOW |              |          |          |
| led_data<3>                        | IOB              | OUTPUT    | LVCMOS33             |       | 12       | SLOW |              |          |          |
| led_data<4>                        | IOB              | OUTPUT    | LVCMOS33             |       | 12       | SLOW |              |          |          |
| led_data<5>                        | IOB              | OUTPUT    | LVCMOS33             |       | 12       | SLOW |              |          |          |
| led_data<6>                        | IOB              | OUTPUT    | LVCMOS33             |       | 12       | SLOW |              |          |          |
| led_data<7>                        | IOB              | OUTPUT    | LVCMOS33             |       | 12       | SLOW |              |          |          |
| r<0>                               | IOB              | OUTPUT    | LVCMOS33             |       | 12       | SLOW |              |          |          |
| r<1>                               | IOB              | OUTPUT    | LVCMOS33             |       | 12       | SLOW |              |          |          |
| r<2>                               | IOB              | OUTPUT    | LVCMOS33             |       | 12       | SLOW |              |          |          |
| rst                                | IOB              | INPUT     | LVCMOS33             |       |          |      |              |          |          |
| segment_data<0>                    | IOB              | OUTPUT    | LVCMOS33             |       | 12       | SLOW |              |          |          |
| segment_data<1>                    | IOB              | OUTPUT    | LVCMOS33             |       | 12       | SLOW |              |          |          |
| segment_data<2>                    | IOB              | OUTPUT    | LVCMOS33             |       | 12       | SLOW |              |          |          |
| segment_data<3>                    | IOB              | OUTPUT    | LVCMOS33             |       | 12       | SLOW |              |          |          |
| segment_data<4>                    | IOB              | OUTPUT    | LVCMOS33             |       | 12       | SLOW |              |          |          |
| segment_data<5>                    | IOB              | OUTPUT    | LVCMOS33             |       | 12       | SLOW |              |          |          |
| segment_data<6>                    | IOB              | OUTPUT    | LVCMOS33             |       | 12       | SLOW |              |          |          |
| segment_data<7>                    | IOB              | OUTPUT    | LVCMOS33             |       | 12       | SLOW |              |          |          |
| vs                                 | IOB              | OUTPUT    | LVCMOS33             |       | 12       | SLOW |              |          |          |
+---------------------------------------------------------------------------------------------------------------------------------------------------------+

Section 7 - RPMs
----------------

Section 8 - Guide Report
------------------------
Guide not run on this design.

Section 9 - Area Group and Partition Summary
--------------------------------------------

Partition Implementation Status
-------------------------------

  No Partitions were found in this design.

-------------------------------

Area Group Information
----------------------

  No area groups were found in this design.

----------------------

Section 10 - Timing Report
--------------------------
A logic-level (pre-route) timing report can be generated by using Xilinx static
timing analysis tools, Timing Analyzer (GUI) or TRCE (command line), with the
mapped NCD and PCF files. Please note that this timing report will be generated
using estimated delay information. For accurate numbers, please generate a
timing report with the post Place and Route NCD file.

For more information about the Timing Analyzer, consult the Xilinx Timing
Analyzer Reference Manual; for more information about TRCE, consult the Xilinx
Command Line Tools User Guide "TRACE" chapter.

Section 11 - Configuration String Details
-----------------------------------------
Use the "-detail" map option to print out Configuration Strings

Section 12 - Control Set Information
------------------------------------
Use the "-detail" map option to print out Control Set Information.

Section 13 - Utilization by Hierarchy
-------------------------------------
Use the "-detail" map option to print out the Utilization by Hierarchy section.
