--------------------------------------------------------------------------------
Release 13.3 Trace  (nt)
Copyright (c) 1995-2011 Xilinx, Inc.  All rights reserved.

D:\Xilinx\13.3\ISE_DS\ISE\bin\nt\unwrapped\trce.exe -intstyle ise -v 3 -s 3 -n
3 -fastpaths -xml top_core.twx top_core.ncd -o top_core.twr top_core.pcf -ucf
top_cpu_ucf.ucf

Design file:              top_core.ncd
Physical constraint file: top_core.pcf
Device,package,speed:     xc6slx16,csg324,C,-3 (PRODUCTION 1.20 2011-10-03)
Report level:             verbose report

Environment Variable      Effect 
--------------------      ------ 
NONE                      No environment variables were set
--------------------------------------------------------------------------------

INFO:Timing:2698 - No timing constraints found, doing default enumeration.
INFO:Timing:2752 - To get complete path coverage, use the unconstrained paths 
   option. All paths that are not constrained will be reported in the 
   unconstrained paths section(s) of the report.
INFO:Timing:3339 - The clock-to-out numbers in this timing report are based on 
   a 50 Ohm transmission line loading model.  For the details of this model, 
   and for more information on accounting for different loading conditions, 
   please see the device datasheet.



Data Sheet report:
-----------------
All values displayed in nanoseconds (ns)

Setup/Hold to clock clk
------------+------------+------------+------------+------------+------------------+--------+
            |Max Setup to|  Process   |Max Hold to |  Process   |                  | Clock  |
Source      | clk (edge) |   Corner   | clk (edge) |   Corner   |Internal Clock(s) | Phase  |
------------+------------+------------+------------+------------+------------------+--------+
ps2_clk     |    1.096(R)|      FAST  |   -0.399(R)|      SLOW  |clk_BUFGP         |   0.000|
ps2_data    |    3.620(R)|      SLOW  |   -1.015(R)|      FAST  |clk_BUFGP         |   0.000|
rst         |    6.439(R)|      SLOW  |   -1.269(R)|      FAST  |clk_BUFGP         |   0.000|
------------+------------+------------+------------+------------+------------------+--------+

Clock clk to Pad
------------+-----------------+------------+-----------------+------------+------------------+--------+
            |Max (slowest) clk|  Process   |Min (fastest) clk|  Process   |                  | Clock  |
Destination |  (edge) to PAD  |   Corner   |  (edge) to PAD  |   Corner   |Internal Clock(s) | Phase  |
------------+-----------------+------------+-----------------+------------+------------------+--------+
b<0>        |        10.151(R)|      SLOW  |         5.629(R)|      FAST  |clk_BUFGP         |   0.000|
b<1>        |         9.946(R)|      SLOW  |         5.521(R)|      FAST  |clk_BUFGP         |   0.000|
cpu_clk     |         7.679(R)|      SLOW  |         4.135(R)|      FAST  |clk_BUFGP         |   0.000|
g<0>        |         9.697(R)|      SLOW  |         5.357(R)|      FAST  |clk_BUFGP         |   0.000|
g<1>        |         9.731(R)|      SLOW  |         5.432(R)|      FAST  |clk_BUFGP         |   0.000|
g<2>        |         9.898(R)|      SLOW  |         5.561(R)|      FAST  |clk_BUFGP         |   0.000|
hs          |        10.533(R)|      SLOW  |         5.209(R)|      FAST  |clk_BUFGP         |   0.000|
r<0>        |        10.123(R)|      SLOW  |         5.643(R)|      FAST  |clk_BUFGP         |   0.000|
r<1>        |         9.794(R)|      SLOW  |         5.457(R)|      FAST  |clk_BUFGP         |   0.000|
r<2>        |         9.866(R)|      SLOW  |         5.462(R)|      FAST  |clk_BUFGP         |   0.000|
vs          |        10.512(R)|      SLOW  |         5.126(R)|      FAST  |clk_BUFGP         |   0.000|
------------+-----------------+------------+-----------------+------------+------------------+--------+

Clock to Setup on destination clock clk
---------------+---------+---------+---------+---------+
               | Src:Rise| Src:Fall| Src:Rise| Src:Fall|
Source Clock   |Dest:Rise|Dest:Rise|Dest:Fall|Dest:Fall|
---------------+---------+---------+---------+---------+
clk            |   18.182|         |         |         |
---------------+---------+---------+---------+---------+

Pad to Pad
---------------+---------------+---------+
Source Pad     |Destination Pad|  Delay  |
---------------+---------------+---------+
SW<1>          |led_data<0>    |   10.506|
SW<1>          |led_data<1>    |   10.332|
SW<1>          |led_data<2>    |   10.371|
SW<1>          |led_data<3>    |    9.924|
SW<1>          |led_data<4>    |   10.124|
SW<1>          |led_data<5>    |    9.986|
SW<1>          |led_data<6>    |    9.824|
SW<1>          |led_data<7>    |    9.713|
SW<2>          |led_data<0>    |   11.230|
SW<2>          |led_data<1>    |   10.982|
SW<2>          |led_data<2>    |   11.027|
SW<2>          |led_data<3>    |   10.656|
SW<2>          |led_data<4>    |   10.670|
SW<2>          |led_data<5>    |   10.395|
SW<2>          |led_data<6>    |   10.375|
SW<2>          |led_data<7>    |   10.205|
---------------+---------------+---------+


Analysis completed Wed Sep 11 16:08:28 2013 
--------------------------------------------------------------------------------

Trace Settings:
-------------------------
Trace Settings 

Peak Memory Usage: 189 MB



