ISim log file
Running: E:\GitHub_new\MIPS246_CPU\cpu_pc_if_id_jtype_bus_led_segment\top_core_tb_isim_beh.exe -intstyle ise -gui -tclbatch isim.cmd -wdb E:/GitHub_new/MIPS246_CPU/cpu_pc_if_id_jtype_bus_led_segment/top_core_tb_isim_beh.wdb 
ISim O.76xd (signature 0x2f00eba5)
This is a Full version of ISim.
Time resolution is 1 ps
# onerror resume
# wave add /
# run 1000 ns
Simulator is doing circuit initialization process.
Finished circuit initialization process.
          2regfiles0 = 00000000
          4regfiles1 = 00000000
          8regfiles2 = 00000000
         16regfiles3 = 00000000
         32regfiles4 = 00000000
         64regfiles5 = 00000000
        128regfiles6 = 00000000
        256regfiles7 = 00000000
        512regfiles8 = 00000000
       1024regfiles9 = 00000000
       2048regfiles10 = 00000000
       4096regfiles11 = 00000000
       8192regfiles12 = 00000000
      16384regfiles13 = 00000000
      32768regfiles14 = 00000000
      65536regfiles15 = 00000000
     131072regfiles16 = 00000000
     262144regfiles17 = 00000000
     524288regfiles18 = 00000000
    1048576regfiles19 = 00000000
    2097152regfiles20 = 00000000
    4194304regfiles21 = 00000000
    8388608regfiles22 = 00000000
   16777216regfiles23 = 00000000
   33554432regfiles24 = 00000000
   67108864regfiles25 = 00000000
  134217728regfiles26 = 00000000
  268435456regfiles27 = 00000000
  536870912regfiles28 = 00000000
 1073741824regfiles29 = 00000000
-2147483648regfiles30 = 00000000
          0regfiles31 = 00000000
          0instr = 010b0027
          0pc = 00000000
          0regfiles0 = 00000000
          0regfiles1 = 00000000
          0regfiles2 = 00000000
          0regfiles3 = 00000000
          0regfiles4 = 00000000
          0regfiles5 = 00000000
          0regfiles6 = 00000000
          0regfiles7 = 00000000
          0regfiles8 = 00000000
          0regfiles9 = 00000000
          0regfiles10 = 00000000
          0regfiles11 = 00000000
          0regfiles12 = 00000000
          0regfiles13 = 00000000
          0regfiles14 = 00000000
          0regfiles15 = 00000000
          0regfiles16 = 00000000
          0regfiles17 = 00000000
          0regfiles18 = 00000000
          0regfiles19 = 00000000
          0regfiles20 = 00000000
          0regfiles21 = 00000000
          0regfiles22 = 00000000
          0regfiles23 = 00000000
          0regfiles24 = 00000000
          0regfiles25 = 00000000
          0regfiles26 = 00000000
          0regfiles27 = 00000000
          0regfiles28 = 00000000
          0regfiles29 = 00000000
          0regfiles30 = 00000000
          0regfiles31 = 00000000
          0instr = 031c682a
          0pc = 00000004
          0regfiles0 = 00000000
          0regfiles1 = 00000000
          0regfiles2 = 00000000
          0regfiles3 = 00000000
          0regfiles4 = 00000000
          0regfiles5 = 00000000
          0regfiles6 = ffffffff
          0regfiles7 = 00000000
          0regfiles8 = 00000000
          0regfiles9 = 00000000
          0regfiles10 = 00000000
          0regfiles11 = 00000000
          0regfiles12 = 00000000
          0regfiles13 = 00000000
          0regfiles14 = 00000000
          0regfiles15 = 00000000
          0regfiles16 = 00000000
          0regfiles17 = 00000000
          0regfiles18 = 00000000
          0regfiles19 = 00000000
          0regfiles20 = 00000000
          0regfiles21 = 00000000
          0regfiles22 = 00000000
          0regfiles23 = 00000000
          0regfiles24 = 00000000
          0regfiles25 = 00000000
          0regfiles26 = 00000000
          0regfiles27 = 00000000
          0regfiles28 = 00000000
          0regfiles29 = 00000000
          0regfiles30 = 00000000
          0regfiles31 = 00000000
          0instr = 00f33027
          0pc = 00000008
          0regfiles0 = 00000000
          0regfiles1 = 00000000
          0regfiles2 = 00000000
          0regfiles3 = 00000000
          0regfiles4 = 00000000
          0regfiles5 = 00000000
          0regfiles6 = ffffffff
          0regfiles7 = 00000000
          0regfiles8 = 00000000
          0regfiles9 = 00000000
          0regfiles10 = 00000000
          0regfiles11 = 00000000
          0regfiles12 = 00000000
          0regfiles13 = 00000000
          0regfiles14 = 00000000
          0regfiles15 = 00000000
          0regfiles16 = 00000000
          0regfiles17 = 00000000
          0regfiles18 = 00000000
          0regfiles19 = 00000000
          0regfiles20 = 00000000
          0regfiles21 = 00000000
          0regfiles22 = 00000000
          0regfiles23 = 00000000
          0regfiles24 = 00000000
          0regfiles25 = 00000000
          0regfiles26 = 00000000
          0regfiles27 = 00000000
          0regfiles28 = 00000000
          0regfiles29 = 00000000
          0regfiles30 = 00000000
          0regfiles31 = 00000000
          0instr = 00501025
          0pc = 0000000c
          0regfiles0 = 00000000
          0regfiles1 = 00000000
          0regfiles2 = 00000000
          0regfiles3 = 00000000
          0regfiles4 = 00000000
          0regfiles5 = 00000000
          0regfiles6 = ffffffff
          0regfiles7 = 00000000
          0regfiles8 = 00000000
          0regfiles9 = 00000000
          0regfiles10 = 00000000
          0regfiles11 = 00000000
          0regfiles12 = 00000000
          0regfiles13 = 00000000
          0regfiles14 = 00000000
          0regfiles15 = 00000000
          0regfiles16 = 00000000
          0regfiles17 = 00000000
          0regfiles18 = 00000000
          0regfiles19 = 00000000
          0regfiles20 = 00000000
          0regfiles21 = 00000000
          0regfiles22 = 00000000
          0regfiles23 = 00000000
          0regfiles24 = 00000000
          0regfiles25 = 00000000
          0regfiles26 = 00000000
          0regfiles27 = 00000000
          0regfiles28 = 00000000
          0regfiles29 = 00000000
          0regfiles30 = 00000000
          0regfiles31 = 00000000
          0instr = 0119182a
          0pc = 00000010
          0regfiles0 = 00000000
          0regfiles1 = 00000000
          0regfiles2 = 00000000
          0regfiles3 = 00000000
          0regfiles4 = 00000000
          0regfiles5 = 00000000
          0regfiles6 = ffffffff
          0regfiles7 = 00000000
          0regfiles8 = 00000000
          0regfiles9 = 00000000
          0regfiles10 = 00000000
          0regfiles11 = 00000000
          0regfiles12 = 00000000
          0regfiles13 = 00000000
          0regfiles14 = 00000000
          0regfiles15 = 00000000
          0regfiles16 = 00000000
          0regfiles17 = 00000000
          0regfiles18 = 00000000
          0regfiles19 = 00000000
          0regfiles20 = 00000000
          0regfiles21 = 00000000
          0regfiles22 = 00000000
          0regfiles23 = 00000000
          0regfiles24 = 00000000
          0regfiles25 = 00000000
          0regfiles26 = 00000000
          0regfiles27 = 00000000
          0regfiles28 = 00000000
          0regfiles29 = 00000000
          0regfiles30 = 00000000
          0regfiles31 = 00000000
          0instr = 00a1a804
          0pc = 00000014
          0regfiles0 = 00000000
          0regfiles1 = 00000000
          0regfiles2 = 00000000
          0regfiles3 = 00000000
          0regfiles4 = 00000000
          0regfiles5 = 00000000
          0regfiles6 = ffffffff
          0regfiles7 = 00000000
          0regfiles8 = 00000000
          0regfiles9 = 00000000
          0regfiles10 = 00000000
          0regfiles11 = 00000000
          0regfiles12 = 00000000
          0regfiles13 = ffffffff
          0regfiles14 = 00000000
          0regfiles15 = 00000000
          0regfiles16 = 00000000
          0regfiles17 = 00000000
          0regfiles18 = 00000000
          0regfiles19 = 00000000
          0regfiles20 = 00000000
          0regfiles21 = 00000000
          0regfiles22 = 00000000
          0regfiles23 = 00000000
          0regfiles24 = 00000000
          0regfiles25 = 00000000
          0regfiles26 = 00000000
          0regfiles27 = 00000000
          0regfiles28 = 00000000
          0regfiles29 = 00000000
          0regfiles30 = 00000000
          0regfiles31 = 00000000
          0instr = 03d96827
          0pc = 00000018
          0regfiles0 = 00000000
          0regfiles1 = 00000000
          0regfiles2 = 00000000
          0regfiles3 = 00000000
          0regfiles4 = 00000000
          0regfiles5 = 00000000
          0regfiles6 = ffffffff
          0regfiles7 = 00000000
          0regfiles8 = 00000000
          0regfiles9 = 00000000
          0regfiles10 = 00000000
          0regfiles11 = 00000000
          0regfiles12 = 00000000
          0regfiles13 = ffffffff
          0regfiles14 = 00000000
          0regfiles15 = 00000000
          0regfiles16 = 00000000
          0regfiles17 = 00000000
          0regfiles18 = 00000000
          0regfiles19 = 00000000
          0regfiles20 = 00000000
          0regfiles21 = 00000000
          0regfiles22 = 00000000
          0regfiles23 = 00000000
          0regfiles24 = 00000000
          0regfiles25 = 00000000
          0regfiles26 = 00000000
          0regfiles27 = 00000000
          0regfiles28 = 00000000
          0regfiles29 = 00000000
          0regfiles30 = 00000000
          0regfiles31 = 00000000
          0instr = 2660f3d0
          0pc = 0000001c
          0regfiles0 = 00000000
          0regfiles1 = 00000000
          0regfiles2 = 00000000
          0regfiles3 = 00000000
          0regfiles4 = 00000000
          0regfiles5 = 00000000
          0regfiles6 = ffffffff
          0regfiles7 = 00000000
          0regfiles8 = 00000000
          0regfiles9 = 00000000
          0regfiles10 = 00000000
          0regfiles11 = 00000000
          0regfiles12 = 00000000
          0regfiles13 = ffffffff
          0regfiles14 = 00000000
          0regfiles15 = 00000000
          0regfiles16 = 00000000
          0regfiles17 = 00000000
          0regfiles18 = 00000000
          0regfiles19 = 00000000
          0regfiles20 = 00000000
          0regfiles21 = 00000000
          0regfiles22 = 00000000
          0regfiles23 = 00000000
          0regfiles24 = 00000000
          0regfiles25 = 00000000
          0regfiles26 = 00000000
          0regfiles27 = 00000000
          0regfiles28 = 00000000
          0regfiles29 = 00000000
          0regfiles30 = 00000000
          0regfiles31 = 00000000
          0instr = 0116d024
          0pc = 00000020
          0regfiles0 = 00000000
          0regfiles1 = 00000000
          0regfiles2 = 00000000
          0regfiles3 = 00000000
          0regfiles4 = 00000000
          0regfiles5 = 00000000
          0regfiles6 = ffffffff
          0regfiles7 = 00000000
          0regfiles8 = 00000000
          0regfiles9 = 00000000
          0regfiles10 = 00000000
          0regfiles11 = 00000000
          0regfiles12 = 00000000
          0regfiles13 = ffffffff
          0regfiles14 = 00000000
          0regfiles15 = 00000000
          0regfiles16 = 00000000
          0regfiles17 = 00000000
          0regfiles18 = 00000000
          0regfiles19 = 00000000
          0regfiles20 = 00000000
          0regfiles21 = 00000000
          0regfiles22 = 00000000
          0regfiles23 = 00000000
          0regfiles24 = 00000000
          0regfiles25 = 00000000
          0regfiles26 = 00000000
          0regfiles27 = 00000000
          0regfiles28 = 00000000
          0regfiles29 = 00000000
          0regfiles30 = 00000000
          0regfiles31 = 00000000
          0instr = 0047c823
          0pc = 00000024
          0regfiles0 = 00000000
          0regfiles1 = 00000000
          0regfiles2 = 00000000
          0regfiles3 = 00000000
          0regfiles4 = 00000000
          0regfiles5 = 00000000
          0regfiles6 = ffffffff
          0regfiles7 = 00000000
          0regfiles8 = 00000000
          0regfiles9 = 00000000
          0regfiles10 = 00000000
          0regfiles11 = 00000000
          0regfiles12 = 00000000
          0regfiles13 = ffffffff
          0regfiles14 = 00000000
          0regfiles15 = 00000000
          0regfiles16 = 00000000
          0regfiles17 = 00000000
          0regfiles18 = 00000000
          0regfiles19 = 00000000
          0regfiles20 = 00000000
          0regfiles21 = 00000000
          0regfiles22 = 00000000
          0regfiles23 = 00000000
          0regfiles24 = 00000000
          0regfiles25 = 00000000
          0regfiles26 = 00000000
          0regfiles27 = 00000000
          0regfiles28 = 00000000
          0regfiles29 = 00000000
          0regfiles30 = 00000000
          0regfiles31 = 00000000
          0instr = 01c2082a
          0pc = 00000028
          0regfiles0 = 00000000
          0regfiles1 = 00000000
          0regfiles2 = 00000000
          0regfiles3 = 00000000
          0regfiles4 = 00000000
          0regfiles5 = 00000000
          0regfiles6 = ffffffff
          0regfiles7 = 00000000
          0regfiles8 = 00000000
          0regfiles9 = 00000000
          0regfiles10 = 00000000
          0regfiles11 = 00000000
          0regfiles12 = 00000000
          0regfiles13 = 00000000
          0regfiles14 = 00000000
          0regfiles15 = 00000000
          0regfiles16 = 00000000
          0regfiles17 = 00000000
          0regfiles18 = 00000000
          0regfiles19 = 00000000
          0regfiles20 = 00000000
          0regfiles21 = 00000000
          0regfiles22 = 00000000
          0regfiles23 = 00000000
          0regfiles24 = 00000000
          0regfiles25 = 00000000
          0regfiles26 = 00000000
          0regfiles27 = 00000000
          0regfiles28 = 00000000
          0regfiles29 = 00000000
          0regfiles30 = 00000000
          0regfiles31 = 00000000
          0instr = 000c6880
          0pc = 0000002c
          0regfiles0 = 00000000
          0regfiles1 = 00000000
          0regfiles2 = 00000000
          0regfiles3 = 00000000
          0regfiles4 = 00000000
          0regfiles5 = 00000000
          0regfiles6 = ffffffff
          0regfiles7 = 00000000
          0regfiles8 = 00000000
          0regfiles9 = 00000000
          0regfiles10 = 00000000
          0regfiles11 = 00000000
          0regfiles12 = 00000000
          0regfiles13 = 00000000
          0regfiles14 = 00000000
          0regfiles15 = 00000000
          0regfiles16 = 00000000
          0regfiles17 = 00000000
          0regfiles18 = 00000000
          0regfiles19 = 00000000
          0regfiles20 = 00000000
          0regfiles21 = 00000000
          0regfiles22 = 00000000
          0regfiles23 = 00000000
          0regfiles24 = 00000000
          0regfiles25 = 00000000
          0regfiles26 = 00000000
          0regfiles27 = 00000000
          0regfiles28 = 00000000
          0regfiles29 = 00000000
          0regfiles30 = 00000000
          0regfiles31 = 00000000
          0instr = 2433a028
          0pc = 00000030
          0regfiles0 = 00000000
          0regfiles1 = 00000000
          0regfiles2 = 00000000
          0regfiles3 = 00000000
          0regfiles4 = 00000000
          0regfiles5 = 00000000
          0regfiles6 = ffffffff
          0regfiles7 = 00000000
          0regfiles8 = 00000000
          0regfiles9 = 00000000
          0regfiles10 = 00000000
          0regfiles11 = 00000000
          0regfiles12 = 00000000
          0regfiles13 = 00000000
          0regfiles14 = 00000000
          0regfiles15 = 00000000
          0regfiles16 = 00000000
          0regfiles17 = 00000000
          0regfiles18 = 00000000
          0regfiles19 = 00000000
          0regfiles20 = 00000000
          0regfiles21 = 00000000
          0regfiles22 = 00000000
          0regfiles23 = 00000000
          0regfiles24 = 00000000
          0regfiles25 = 00000000
          0regfiles26 = 00000000
          0regfiles27 = 00000000
          0regfiles28 = 00000000
          0regfiles29 = 00000000
          0regfiles30 = 00000000
          0regfiles31 = 00000000
          0instr = 03734826
          0pc = 00000034
          0regfiles0 = 00000000
          0regfiles1 = 00000000
          0regfiles2 = 00000000
          0regfiles3 = 00000000
          0regfiles4 = 00000000
          0regfiles5 = 00000000
          0regfiles6 = ffffffff
          0regfiles7 = 00000000
          0regfiles8 = 00000000
          0regfiles9 = 00000000
          0regfiles10 = 00000000
          0regfiles11 = 00000000
          0regfiles12 = 00000000
          0regfiles13 = 00000000
          0regfiles14 = 00000000
          0regfiles15 = 00000000
          0regfiles16 = 00000000
          0regfiles17 = 00000000
          0regfiles18 = 00000000
          0regfiles19 = 00000000
          0regfiles20 = 00000000
          0regfiles21 = 00000000
          0regfiles22 = 00000000
          0regfiles23 = 00000000
          0regfiles24 = 00000000
          0regfiles25 = 00000000
          0regfiles26 = 00000000
          0regfiles27 = 00000000
          0regfiles28 = 00000000
          0regfiles29 = 00000000
          0regfiles30 = 00000000
          0regfiles31 = 00000000
          0instr = 282269a7
          0pc = 00000038
          0regfiles0 = 00000000
          0regfiles1 = 00000000
          0regfiles2 = 00000000
          0regfiles3 = 00000000
          0regfiles4 = 00000000
          0regfiles5 = 00000000
          0regfiles6 = ffffffff
          0regfiles7 = 00000000
          0regfiles8 = 00000000
          0regfiles9 = 00000000
          0regfiles10 = 00000000
          0regfiles11 = 00000000
          0regfiles12 = 00000000
          0regfiles13 = 00000000
          0regfiles14 = 00000000
          0regfiles15 = 00000000
          0regfiles16 = 00000000
          0regfiles17 = 00000000
          0regfiles18 = 00000000
          0regfiles19 = 00000000
          0regfiles20 = 00000000
          0regfiles21 = 00000000
          0regfiles22 = 00000000
          0regfiles23 = 00000000
          0regfiles24 = 00000000
          0regfiles25 = 00000000
          0regfiles26 = 00000000
          0regfiles27 = 00000000
          0regfiles28 = 00000000
          0regfiles29 = 00000000
          0regfiles30 = 00000000
          0regfiles31 = 00000000
          0instr = 0004f240
          0pc = 0000003c
          0regfiles0 = 00000000
          0regfiles1 = 00000000
          0regfiles2 = 00000000
          0regfiles3 = 00000000
          0regfiles4 = 00000000
          0regfiles5 = 00000000
          0regfiles6 = ffffffff
          0regfiles7 = 00000000
          0regfiles8 = 00000000
          0regfiles9 = 00000000
          0regfiles10 = 00000000
          0regfiles11 = 00000000
          0regfiles12 = 00000000
          0regfiles13 = 00000000
          0regfiles14 = 00000000
          0regfiles15 = 00000000
          0regfiles16 = 00000000
          0regfiles17 = 00000000
          0regfiles18 = 00000000
          0regfiles19 = 00000000
          0regfiles20 = 00000000
          0regfiles21 = 00000000
          0regfiles22 = 00000000
          0regfiles23 = 00000000
          0regfiles24 = 00000000
          0regfiles25 = 00000000
          0regfiles26 = 00000000
          0regfiles27 = 00000000
          0regfiles28 = 00000000
          0regfiles29 = 00000000
          0regfiles30 = 00000000
          0regfiles31 = 00000000
          0instr = 018dc004
          0pc = 00000040
          0regfiles0 = 00000000
          0regfiles1 = 00000000
          0regfiles2 = 00000000
          0regfiles3 = 00000000
          0regfiles4 = 00000000
          0regfiles5 = 00000000
          0regfiles6 = ffffffff
          0regfiles7 = 00000000
          0regfiles8 = 00000000
          0regfiles9 = 00000000
          0regfiles10 = 00000000
          0regfiles11 = 00000000
          0regfiles12 = 00000000
          0regfiles13 = 00000000
          0regfiles14 = 00000000
          0regfiles15 = 00000000
          0regfiles16 = 00000000
          0regfiles17 = 00000000
          0regfiles18 = 00000000
          0regfiles19 = 00000000
          0regfiles20 = 00000000
          0regfiles21 = 00000000
          0regfiles22 = 00000000
          0regfiles23 = 00000000
          0regfiles24 = 00000000
          0regfiles25 = 00000000
          0regfiles26 = 00000000
          0regfiles27 = 00000000
          0regfiles28 = 00000000
          0regfiles29 = 00000000
          0regfiles30 = 00000000
          0regfiles31 = 00000000
          0instr = 318b85b8
          0pc = 00000044
          0regfiles0 = 00000000
          0regfiles1 = 00000000
          0regfiles2 = 00000000
          0regfiles3 = 00000000
          0regfiles4 = 00000000
          0regfiles5 = 00000000
          0regfiles6 = ffffffff
          0regfiles7 = 00000000
          0regfiles8 = 00000000
          0regfiles9 = 00000000
          0regfiles10 = 00000000
          0regfiles11 = 00000000
          0regfiles12 = 00000000
          0regfiles13 = 00000000
          0regfiles14 = 00000000
          0regfiles15 = 00000000
          0regfiles16 = 00000000
          0regfiles17 = 00000000
          0regfiles18 = 00000000
          0regfiles19 = 00000000
          0regfiles20 = 00000000
          0regfiles21 = 00000000
          0regfiles22 = 00000000
          0regfiles23 = 00000000
          0regfiles24 = 00000000
          0regfiles25 = 00000000
          0regfiles26 = 00000000
          0regfiles27 = 00000000
          0regfiles28 = 00000000
          0regfiles29 = 00000000
          0regfiles30 = 00000000
          0regfiles31 = 00000000
          0instr = 01cf0020
          0pc = 00000048
          0regfiles0 = 00000000
          0regfiles1 = 00000000
          0regfiles2 = 00000000
          0regfiles3 = 00000000
          0regfiles4 = 00000000
          0regfiles5 = 00000000
          0regfiles6 = ffffffff
          0regfiles7 = 00000000
          0regfiles8 = 00000000
          0regfiles9 = 00000000
          0regfiles10 = 00000000
          0regfiles11 = 00000000
          0regfiles12 = 00000000
          0regfiles13 = 00000000
          0regfiles14 = 00000000
          0regfiles15 = 00000000
          0regfiles16 = 00000000
          0regfiles17 = 00000000
          0regfiles18 = 00000000
          0regfiles19 = 00000000
          0regfiles20 = 00000000
          0regfiles21 = 00000000
          0regfiles22 = 00000000
          0regfiles23 = 00000000
          0regfiles24 = 00000000
          0regfiles25 = 00000000
          0regfiles26 = 00000000
          0regfiles27 = 00000000
          0regfiles28 = 00000000
          0regfiles29 = 00000000
          0regfiles30 = 00000000
          0regfiles31 = 00000000
          0instr = 02dbe825
          0pc = 0000004c
          0regfiles0 = 00000000
          0regfiles1 = 00000000
          0regfiles2 = 00000000
          0regfiles3 = 00000000
          0regfiles4 = 00000000
          0regfiles5 = 00000000
          0regfiles6 = ffffffff
          0regfiles7 = 00000000
          0regfiles8 = 00000000
          0regfiles9 = 00000000
          0regfiles10 = 00000000
          0regfiles11 = 00000000
          0regfiles12 = 00000000
          0regfiles13 = 00000000
          0regfiles14 = 00000000
          0regfiles15 = 00000000
          0regfiles16 = 00000000
          0regfiles17 = 00000000
          0regfiles18 = 00000000
          0regfiles19 = 00000000
          0regfiles20 = 00000000
          0regfiles21 = 00000000
          0regfiles22 = 00000000
          0regfiles23 = 00000000
          0regfiles24 = 00000000
          0regfiles25 = 00000000
          0regfiles26 = 00000000
          0regfiles27 = 00000000
          0regfiles28 = 00000000
          0regfiles29 = 00000000
          0regfiles30 = 00000000
          0regfiles31 = 00000000
          0instr = 0025d820
          0pc = 00000050
          0regfiles0 = 00000000
          0regfiles1 = 00000000
          0regfiles2 = 00000000
          0regfiles3 = 00000000
          0regfiles4 = 00000000
          0regfiles5 = 00000000
          0regfiles6 = ffffffff
          0regfiles7 = 00000000
          0regfiles8 = 00000000
          0regfiles9 = 00000000
          0regfiles10 = 00000000
          0regfiles11 = 00000000
          0regfiles12 = 00000000
          0regfiles13 = 00000000
          0regfiles14 = 00000000
          0regfiles15 = 00000000
          0regfiles16 = 00000000
          0regfiles17 = 00000000
          0regfiles18 = 00000000
          0regfiles19 = 00000000
          0regfiles20 = 00000000
          0regfiles21 = 00000000
          0regfiles22 = 00000000
          0regfiles23 = 00000000
          0regfiles24 = 00000000
          0regfiles25 = 00000000
          0regfiles26 = 00000000
          0regfiles27 = 00000000
          0regfiles28 = 00000000
          0regfiles29 = 00000000
          0regfiles30 = 00000000
          0regfiles31 = 00000000
          0instr = 28af5ff5
          0pc = 00000054
          0regfiles0 = 00000000
          0regfiles1 = 00000000
          0regfiles2 = 00000000
          0regfiles3 = 00000000
          0regfiles4 = 00000000
          0regfiles5 = 00000000
          0regfiles6 = ffffffff
          0regfiles7 = 00000000
          0regfiles8 = 00000000
          0regfiles9 = 00000000
          0regfiles10 = 00000000
          0regfiles11 = 00000000
          0regfiles12 = 00000000
          0regfiles13 = 00000000
          0regfiles14 = 00000000
          0regfiles15 = 00000000
          0regfiles16 = 00000000
          0regfiles17 = 00000000
          0regfiles18 = 00000000
          0regfiles19 = 00000000
          0regfiles20 = 00000001
          0regfiles21 = 00000000
          0regfiles22 = 00000000
          0regfiles23 = 00000000
          0regfiles24 = 00000000
          0regfiles25 = 00000000
          0regfiles26 = 00000000
          0regfiles27 = 00000000
          0regfiles28 = 00000000
          0regfiles29 = 00000000
          0regfiles30 = 00000000
          0regfiles31 = 00000000
          0instr = 2af48dff
          0pc = 00000058
          0regfiles0 = 00000000
          0regfiles1 = 00000000
          0regfiles2 = 00000000
          0regfiles3 = 00000000
          0regfiles4 = 00000000
          0regfiles5 = 00000000
          0regfiles6 = ffffffff
          0regfiles7 = 00000000
          0regfiles8 = 00000000
          0regfiles9 = 00000000
          0regfiles10 = 00000000
          0regfiles11 = 00000000
          0regfiles12 = 00000000
          0regfiles13 = 00000000
          0regfiles14 = 00000000
          0regfiles15 = 00000000
          0regfiles16 = 00000000
          0regfiles17 = 00000000
          0regfiles18 = 00000000
          0regfiles19 = 00000000
          0regfiles20 = 00000001
          0regfiles21 = 00000000
          0regfiles22 = 00000000
          0regfiles23 = 00000000
          0regfiles24 = 00000000
          0regfiles25 = 00000000
          0regfiles26 = 00000000
          0regfiles27 = 00000000
          0regfiles28 = 00000000
          0regfiles29 = 00000000
          0regfiles30 = 00000000
          0regfiles31 = 00000000
          0instr = 33055e10
          0pc = 0000005c
          0regfiles0 = 00000000
          0regfiles1 = 00000000
          0regfiles2 = 00000000
          0regfiles3 = 00000000
          0regfiles4 = 00000000
          0regfiles5 = fde60000
          0regfiles6 = ffffffff
          0regfiles7 = 00000000
          0regfiles8 = 00000000
          0regfiles9 = 00000000
          0regfiles10 = 00000000
          0regfiles11 = 00000000
          0regfiles12 = 00000000
          0regfiles13 = 00000000
          0regfiles14 = 00000000
          0regfiles15 = 00000000
          0regfiles16 = 00000000
          0regfiles17 = 00000000
          0regfiles18 = 00000000
          0regfiles19 = 00000000
          0regfiles20 = 00000001
          0regfiles21 = 00000000
          0regfiles22 = 00000000
          0regfiles23 = 00000000
          0regfiles24 = 00000000
          0regfiles25 = 00000000
          0regfiles26 = 00000000
          0regfiles27 = 00000000
          0regfiles28 = 00000000
          0regfiles29 = 00000000
          0regfiles30 = 00000000
          0regfiles31 = 00000000
          0instr = 3c05fde6
          0pc = 00000060
          0regfiles0 = 00000000
          0regfiles1 = 00000000
          0regfiles2 = 00000000
          0regfiles3 = 00000000
          0regfiles4 = 00000000
          0regfiles5 = fde60000
          0regfiles6 = ffffffff
          0regfiles7 = 00000000
          0regfiles8 = 00000000
          0regfiles9 = 00000000
          0regfiles10 = 00000000
          0regfiles11 = 00000000
          0regfiles12 = 00000000
          0regfiles13 = 00000000
          0regfiles14 = 00000000
          0regfiles15 = 00000000
          0regfiles16 = 00000000
          0regfiles17 = 00000000
          0regfiles18 = 00000000
          0regfiles19 = 00000000
          0regfiles20 = 00000001
          0regfiles21 = 00000000
          0regfiles22 = 00000000
          0regfiles23 = 00000000
          0regfiles24 = 00000000
          0regfiles25 = 00000000
          0regfiles26 = 00000000
          0regfiles27 = 00000000
          0regfiles28 = 00000000
          0regfiles29 = 00000000
          0regfiles30 = 00000000
          0regfiles31 = 00000000
          0instr = 0120f007
          0pc = 00000064
          0regfiles0 = 00000000
          0regfiles1 = 00000000
          0regfiles2 = 00000000
          0regfiles3 = 00000000
          0regfiles4 = 00000000
          0regfiles5 = fde60000
          0regfiles6 = 00000001
          0regfiles7 = 00000000
          0regfiles8 = 00000000
          0regfiles9 = 00000000
          0regfiles10 = 00000000
          0regfiles11 = 00000000
          0regfiles12 = 00000000
          0regfiles13 = 00000000
          0regfiles14 = 00000000
          0regfiles15 = 00000000
          0regfiles16 = 00000000
          0regfiles17 = 00000000
          0regfiles18 = 00000000
          0regfiles19 = 00000000
          0regfiles20 = 00000001
          0regfiles21 = 00000000
          0regfiles22 = 00000000
          0regfiles23 = 00000000
          0regfiles24 = 00000000
          0regfiles25 = 00000000
          0regfiles26 = 00000000
          0regfiles27 = 00000000
          0regfiles28 = 00000000
          0regfiles29 = 00000000
          0regfiles30 = 00000000
          0regfiles31 = 00000000
          0instr = 01e3302b
          0pc = 00000068
          0regfiles0 = 00000000
          0regfiles1 = 00000000
          0regfiles2 = 00000000
          0regfiles3 = 00000000
          0regfiles4 = 00000000
          0regfiles5 = fde60000
          0regfiles6 = 00000001
          0regfiles7 = 00000000
          0regfiles8 = 00000000
          0regfiles9 = 00000000
          0regfiles10 = 00000000
          0regfiles11 = 00000000
          0regfiles12 = 00000000
          0regfiles13 = 00000000
          0regfiles14 = 00000000
          0regfiles15 = 00000000
          0regfiles16 = 00000000
          0regfiles17 = 00000000
          0regfiles18 = 00000000
          0regfiles19 = 00000000
          0regfiles20 = 00000001
          0regfiles21 = 00000000
          0regfiles22 = 00000000
          0regfiles23 = 00000000
          0regfiles24 = 00000000
          0regfiles25 = 00000000
          0regfiles26 = 00000000
          0regfiles27 = 00000000
          0regfiles28 = 00000000
          0regfiles29 = 00000000
          0regfiles30 = 00000000
          0regfiles31 = 00000000
          0instr = 018cd025
          0pc = 0000006c
          0regfiles0 = 00000000
          0regfiles1 = 00000000
          0regfiles2 = 00000000
          0regfiles3 = 00000000
          0regfiles4 = 00000000
          0regfiles5 = fde60000
          0regfiles6 = 00000001
          0regfiles7 = 00000000
          0regfiles8 = 00000000
          0regfiles9 = 00000000
          0regfiles10 = 00000000
          0regfiles11 = 00000000
          0regfiles12 = 00000000
          0regfiles13 = 00000000
          0regfiles14 = 00000000
          0regfiles15 = 00000000
          0regfiles16 = 00000000
          0regfiles17 = 00000000
          0regfiles18 = 00000000
          0regfiles19 = 00000000
          0regfiles20 = 00000001
          0regfiles21 = 00000000
          0regfiles22 = 00000000
          0regfiles23 = 00000000
          0regfiles24 = 00000000
          0regfiles25 = 00000000
          0regfiles26 = 00000000
          0regfiles27 = 00000000
          0regfiles28 = 00000000
          0regfiles29 = 00000000
          0regfiles30 = 00000000
          0regfiles31 = 00000000
          0instr = 009b5820
          0pc = 00000070
          0regfiles0 = 00000000
          0regfiles1 = 00000000
          0regfiles2 = 00000000
          0regfiles3 = 00000000
          0regfiles4 = 00000000
          0regfiles5 = fde60000
          0regfiles6 = 00000001
          0regfiles7 = 00000000
          0regfiles8 = 00000000
          0regfiles9 = 00000000
          0regfiles10 = 00000000
          0regfiles11 = 00000000
          0regfiles12 = 00000000
          0regfiles13 = 00000000
          0regfiles14 = 00000000
          0regfiles15 = 00000000
          0regfiles16 = 00000000
          0regfiles17 = 00000000
          0regfiles18 = 00000000
          0regfiles19 = 00000000
          0regfiles20 = 00000001
          0regfiles21 = 00000000
          0regfiles22 = 00000000
          0regfiles23 = 00000000
          0regfiles24 = 00000000
          0regfiles25 = 00000000
          0regfiles26 = 00000000
          0regfiles27 = 00000000
          0regfiles28 = 00000000
          0regfiles29 = 00000000
          0regfiles30 = 00000000
          0regfiles31 = 00000000
          0instr = 015ee804
          0pc = 00000074
          0regfiles0 = 00000000
          0regfiles1 = 00000000
          0regfiles2 = 00000000
          0regfiles3 = 00000000
          0regfiles4 = 00000000
          0regfiles5 = fde60000
          0regfiles6 = 00000001
          0regfiles7 = 00000000
          0regfiles8 = 00000000
          0regfiles9 = 00000000
          0regfiles10 = 00000000
          0regfiles11 = 00000000
          0regfiles12 = 00000000
          0regfiles13 = 00000000
          0regfiles14 = 00000000
          0regfiles15 = 00000000
          0regfiles16 = 00000000
          0regfiles17 = 00000000
          0regfiles18 = 00000000
          0regfiles19 = 00000000
          0regfiles20 = 00000001
          0regfiles21 = 00000000
          0regfiles22 = 00000000
          0regfiles23 = 00000000
          0regfiles24 = 00000000
          0regfiles25 = 00000000
          0regfiles26 = 00000000
          0regfiles27 = 00000000
          0regfiles28 = 00000000
          0regfiles29 = 00000000
          0regfiles30 = 00000000
          0regfiles31 = 00000000
          0instr = 022d9822
          0pc = 00000078
          0regfiles0 = 00000000
          0regfiles1 = 00000000
          0regfiles2 = 00000000
          0regfiles3 = 00000000
          0regfiles4 = 00000000
          0regfiles5 = fde60000
          0regfiles6 = 00000001
          0regfiles7 = 00000000
          0regfiles8 = 00000000
          0regfiles9 = 00000000
          0regfiles10 = 00000000
          0regfiles11 = 00000000
          0regfiles12 = 00000000
          0regfiles13 = 00000000
          0regfiles14 = 00000000
          0regfiles15 = 00000000
          0regfiles16 = 00000000
          0regfiles17 = 00000000
          0regfiles18 = 00000000
          0regfiles19 = 00000000
          0regfiles20 = 00000001
          0regfiles21 = 00000000
          0regfiles22 = 00000000
          0regfiles23 = 00000000
          0regfiles24 = 00000000
          0regfiles25 = 00000000
          0regfiles26 = 00000000
          0regfiles27 = 00000000
          0regfiles28 = 00000000
          0regfiles29 = 00000000
          0regfiles30 = 00000000
          0regfiles31 = 00000000
          0instr = 01569822
          0pc = 0000007c
          0regfiles0 = 00000000
          0regfiles1 = 00000000
          0regfiles2 = 00000000
          0regfiles3 = 00000000
          0regfiles4 = 00000000
          0regfiles5 = fde60000
          0regfiles6 = 00000001
          0regfiles7 = 000096d6
          0regfiles8 = 00000000
          0regfiles9 = 00000000
          0regfiles10 = 00000000
          0regfiles11 = 00000000
          0regfiles12 = 00000000
          0regfiles13 = 00000000
          0regfiles14 = 00000000
          0regfiles15 = 00000000
          0regfiles16 = 00000000
          0regfiles17 = 00000000
          0regfiles18 = 00000000
          0regfiles19 = 00000000
          0regfiles20 = 00000001
          0regfiles21 = 00000000
          0regfiles22 = 00000000
          0regfiles23 = 00000000
          0regfiles24 = 00000000
          0regfiles25 = 00000000
          0regfiles26 = 00000000
          0regfiles27 = 00000000
          0regfiles28 = 00000000
          0regfiles29 = 00000000
          0regfiles30 = 00000000
          0regfiles31 = 00000000
          0instr = 344796d6
          0pc = 00000080
          0regfiles0 = 00000000
          0regfiles1 = 00000000
          0regfiles2 = 00000000
          0regfiles3 = 00000000
          0regfiles4 = 00000000
          0regfiles5 = fde60000
          0regfiles6 = 00000001
          0regfiles7 = 000096d6
          0regfiles8 = 00000000
          0regfiles9 = 00000000
          0regfiles10 = 00000000
          0regfiles11 = 00000000
          0regfiles12 = 00000000
          0regfiles13 = 00000000
          0regfiles14 = 00007023
          0regfiles15 = 00000000
          0regfiles16 = 00000000
          0regfiles17 = 00000000
          0regfiles18 = 00000000
          0regfiles19 = 00000000
          0regfiles20 = 00000001
          0regfiles21 = 00000000
          0regfiles22 = 00000000
          0regfiles23 = 00000000
          0regfiles24 = 00000000
          0regfiles25 = 00000000
          0regfiles26 = 00000000
          0regfiles27 = 00000000
          0regfiles28 = 00000000
          0regfiles29 = 00000000
          0regfiles30 = 00000000
          0regfiles31 = 00000000
          0instr = 005c7021
          0pc = 00000084
          0regfiles0 = 00000000
          0regfiles1 = 00000000
          0regfiles2 = 00000000
          0regfiles3 = 00000000
          0regfiles4 = 00000000
          0regfiles5 = fde60000
          0regfiles6 = 00000001
          0regfiles7 = 000096d6
          0regfiles8 = 00000000
          0regfiles9 = 00000000
          0regfiles10 = 00000000
          0regfiles11 = 00000000
          0regfiles12 = 00000000
          0regfiles13 = 00000000
          0regfiles14 = 00007023
          0regfiles15 = 00000000
          0regfiles16 = 00000000
          0regfiles17 = 00000000
          0regfiles18 = 00000000
          0regfiles19 = 00000000
          0regfiles20 = 00000001
          0regfiles21 = 00000000
          0regfiles22 = 00000000
          0regfiles23 = 00000000
          0regfiles24 = 00000000
          0regfiles25 = 00000000
          0regfiles26 = 00000000
          0regfiles27 = 00000000
          0regfiles28 = 00000000
          0regfiles29 = 00000000
          0regfiles30 = 00000000
          0regfiles31 = 00000000
          0instr = 027d9020
          0pc = 00000088
          0regfiles0 = 00000000
          0regfiles1 = 00000000
          0regfiles2 = 00000000
          0regfiles3 = 00000000
          0regfiles4 = 00000000
          0regfiles5 = fde60000
          0regfiles6 = 00000001
          0regfiles7 = 000096d6
          0regfiles8 = 00000000
          0regfiles9 = 00000000
          0regfiles10 = 00000000
          0regfiles11 = 00000000
          0regfiles12 = 00000000
          0regfiles13 = 00000000
          0regfiles14 = 00007023
          0regfiles15 = 00000000
          0regfiles16 = 00000000
          0regfiles17 = 00000000
          0regfiles18 = 00000000
          0regfiles19 = 00000000
          0regfiles20 = 00000001
          0regfiles21 = 00000000
          0regfiles22 = 00000000
          0regfiles23 = 00000000
          0regfiles24 = 00000000
          0regfiles25 = 00000000
          0regfiles26 = 00000000
          0regfiles27 = 00000000
          0regfiles28 = 00000000
          0regfiles29 = 00000000
          0regfiles30 = 00000000
          0regfiles31 = 00000000
          0instr = 001c6000
          0pc = 0000008c
          0regfiles0 = 00000000
          0regfiles1 = 00000000
          0regfiles2 = 00000000
          0regfiles3 = 00000000
          0regfiles4 = 00000000
          0regfiles5 = fde60000
          0regfiles6 = 00000001
          0regfiles7 = 000096d6
          0regfiles8 = 00000000
          0regfiles9 = 00000000
          0regfiles10 = 00000000
          0regfiles11 = 00000000
          0regfiles12 = 00000000
          0regfiles13 = 00000000
          0regfiles14 = 00007023
          0regfiles15 = 00000000
          0regfiles16 = 00000000
          0regfiles17 = 00000000
          0regfiles18 = 00000000
          0regfiles19 = 00000000
          0regfiles20 = 00000001
          0regfiles21 = 00000000
          0regfiles22 = 00000000
          0regfiles23 = 00000000
          0regfiles24 = 00000000
          0regfiles25 = 00000000
          0regfiles26 = 00000000
          0regfiles27 = 00000000
          0regfiles28 = 00000000
          0regfiles29 = 00000000
          0regfiles30 = 00000000
          0regfiles31 = 00000000
          0instr = 02b64004
          0pc = 00000090
          0regfiles0 = 00000000
          0regfiles1 = 00000000
          0regfiles2 = 00000000
          0regfiles3 = 00000000
          0regfiles4 = 00000000
          0regfiles5 = fde60000
          0regfiles6 = 00000001
          0regfiles7 = 000096d6
          0regfiles8 = fde60000
          0regfiles9 = 00000000
          0regfiles10 = 00000000
          0regfiles11 = 00000000
          0regfiles12 = 00000000
          0regfiles13 = 00000000
          0regfiles14 = 00007023
          0regfiles15 = 00000000
          0regfiles16 = 00000000
          0regfiles17 = 00000000
          0regfiles18 = 00000000
          0regfiles19 = 00000000
          0regfiles20 = 00000001
          0regfiles21 = 00000000
          0regfiles22 = 00000000
          0regfiles23 = 00000000
          0regfiles24 = 00000000
          0regfiles25 = 00000000
          0regfiles26 = 00000000
          0regfiles27 = 00000000
          0regfiles28 = 00000000
          0regfiles29 = 00000000
          0regfiles30 = 00000000
          0regfiles31 = 00000000
          0instr = 01854007
          0pc = 00000094
          0regfiles0 = 00000000
          0regfiles1 = 00000000
          0regfiles2 = 00000000
          0regfiles3 = 00000000
          0regfiles4 = 00000000
          0regfiles5 = fde60000
          0regfiles6 = 00000001
          0regfiles7 = 000096d6
          0regfiles8 = fde60000
          0regfiles9 = 00000000
          0regfiles10 = 00000000
          0regfiles11 = 00000000
          0regfiles12 = 00000000
          0regfiles13 = 00000000
          0regfiles14 = 00007023
          0regfiles15 = 00000000
          0regfiles16 = 00000000
          0regfiles17 = 00000000
          0regfiles18 = 00000000
          0regfiles19 = 00000000
          0regfiles20 = 00000001
          0regfiles21 = 00000000
          0regfiles22 = 00000000
          0regfiles23 = 00000000
          0regfiles24 = 00000000
          0regfiles25 = e6be0000
          0regfiles26 = 00000000
          0regfiles27 = 00000000
          0regfiles28 = 00000000
          0regfiles29 = 00000000
          0regfiles30 = 00000000
          0regfiles31 = 00000000
          0instr = 3c19e6be
          0pc = 00000098
          0regfiles0 = 00000000
          0regfiles1 = 00000000
          0regfiles2 = 00000000
          0regfiles3 = 00000000
          0regfiles4 = 00000000
          0regfiles5 = fde60000
          0regfiles6 = 00000001
          0regfiles7 = 000096d6
          0regfiles8 = fde60000
          0regfiles9 = 00000000
          0regfiles10 = 00000000
          0regfiles11 = 00000000
          0regfiles12 = 00000000
          0regfiles13 = 00006820
          0regfiles14 = 00007023
          0regfiles15 = 00000000
          0regfiles16 = 00000000
          0regfiles17 = 00000000
          0regfiles18 = 00000000
          0regfiles19 = 00000000
          0regfiles20 = 00000001
          0regfiles21 = 00000000
          0regfiles22 = 00000000
          0regfiles23 = 00000000
          0regfiles24 = 00000000
          0regfiles25 = e6be0000
          0regfiles26 = 00000000
          0regfiles27 = 00000000
          0regfiles28 = 00000000
          0regfiles29 = 00000000
          0regfiles30 = 00000000
          0regfiles31 = 00000000
          0instr = 02256820
          0pc = 0000009c
          0regfiles0 = 00000000
          0regfiles1 = 00000000
          0regfiles2 = 00000000
          0regfiles3 = 00000000
          0regfiles4 = 00000000
          0regfiles5 = fde60000
          0regfiles6 = 00000001
          0regfiles7 = 000096d6
          0regfiles8 = fde60000
          0regfiles9 = 00000000
          0regfiles10 = 00000000
          0regfiles11 = 00000000
          0regfiles12 = 00000000
          0regfiles13 = 00006820
          0regfiles14 = 00007023
          0regfiles15 = 00000000
          0regfiles16 = 00000000
          0regfiles17 = 00000000
          0regfiles18 = 00000000
          0regfiles19 = 00000000
          0regfiles20 = 00000001
          0regfiles21 = 00000000
          0regfiles22 = 00000000
          0regfiles23 = 00000000
          0regfiles24 = 00000000
          0regfiles25 = e6be0000
          0regfiles26 = 0000c275
          0regfiles27 = 00000000
          0regfiles28 = 00000000
          0regfiles29 = 00000000
          0regfiles30 = 00000000
          0regfiles31 = 00000000
          0instr = 271ac275
          0pc = 000000a0
          0regfiles0 = 00000000
          0regfiles1 = 00000000
          0regfiles2 = 00000000
          0regfiles3 = 00000000
          0regfiles4 = 00000000
          0regfiles5 = fde60000
          0regfiles6 = 00000001
          0regfiles7 = 000096d6
          0regfiles8 = fde60000
          0regfiles9 = 00000000
          0regfiles10 = 00000000
          0regfiles11 = 00000000
          0regfiles12 = 00000000
          0regfiles13 = 00006820
          0regfiles14 = 00007023
          0regfiles15 = 00000000
          0regfiles16 = 00000000
          0regfiles17 = 00000000
          0regfiles18 = 00000000
          0regfiles19 = 00000000
          0regfiles20 = 00000001
          0regfiles21 = 00000000
          0regfiles22 = 00000000
          0regfiles23 = ffffb820
          0regfiles24 = 00000000
          0regfiles25 = e6be0000
          0regfiles26 = 0000c275
          0regfiles27 = 00000000
          0regfiles28 = 00000000
          0regfiles29 = 00000000
          0regfiles30 = 00000000
          0regfiles31 = 00000000
          0instr = 030ab820
          0pc = 000000a4
          0regfiles0 = 00000000
          0regfiles1 = 00000000
          0regfiles2 = 00000000
          0regfiles3 = 00000000
          0regfiles4 = 00000000
          0regfiles5 = fde60000
          0regfiles6 = 00000001
          0regfiles7 = 000096d6
          0regfiles8 = fde60000
          0regfiles9 = 00000000
          0regfiles10 = 00000000
          0regfiles11 = 00000000
          0regfiles12 = 00000000
          0regfiles13 = 00006820
          0regfiles14 = 00007023
          0regfiles15 = 00000000
          0regfiles16 = 00000000
          0regfiles17 = 00000000
          0regfiles18 = 00000000
          0regfiles19 = 00000000
          0regfiles20 = 00000001
          0regfiles21 = 00000000
          0regfiles22 = 00000000
          0regfiles23 = ffffb820
          0regfiles24 = 00000000
          0regfiles25 = e6be0000
          0regfiles26 = 0000c275
          0regfiles27 = 00000000
          0regfiles28 = 00000000
          0regfiles29 = 00000000
          0regfiles30 = 00000000
          0regfiles31 = 00000000
          0instr = 00074ec3
          0pc = 000000a8
          0regfiles0 = 00000000
          0regfiles1 = 00000000
          0regfiles2 = 00000000
          0regfiles3 = 00000000
          0regfiles4 = 00000000
          0regfiles5 = fde60000
          0regfiles6 = 00000001
          0regfiles7 = 000096d6
          0regfiles8 = fde60000
          0regfiles9 = 00000001
          0regfiles10 = 00000000
          0regfiles11 = 00000000
          0regfiles12 = 00000000
          0regfiles13 = 00006820
          0regfiles14 = 00007023
          0regfiles15 = 00000000
          0regfiles16 = 00000000
          0regfiles17 = 00000000
          0regfiles18 = 00000000
          0regfiles19 = 00000000
          0regfiles20 = 00000001
          0regfiles21 = 00000000
          0regfiles22 = 00000000
          0regfiles23 = ffffb820
          0regfiles24 = 00000000
          0regfiles25 = e6be0000
          0regfiles26 = 0000c275
          0regfiles27 = 00000000
          0regfiles28 = 00000000
          0regfiles29 = 00000000
          0regfiles30 = 00000000
          0regfiles31 = 00000000
          0instr = 2809642f
          0pc = 000000ac
          0regfiles0 = 00000000
          0regfiles1 = 00000000
          0regfiles2 = 00000000
          0regfiles3 = 00000000
          0regfiles4 = 00000000
          0regfiles5 = fde60000
          0regfiles6 = 00000001
          0regfiles7 = 000096d6
          0regfiles8 = fde60000
          0regfiles9 = 00000001
          0regfiles10 = 00000000
          0regfiles11 = 00000000
          0regfiles12 = 00000000
          0regfiles13 = 00006820
          0regfiles14 = 00007023
          0regfiles15 = 00000000
          0regfiles16 = 00000000
          0regfiles17 = 00000000
          0regfiles18 = 00000000
          0regfiles19 = 00000000
          0regfiles20 = 00000001
          0regfiles21 = ffff9bd1
          0regfiles22 = 00000000
          0regfiles23 = ffffb820
          0regfiles24 = 00000000
          0regfiles25 = e6be0000
          0regfiles26 = 0000c275
          0regfiles27 = 00000000
          0regfiles28 = 00000000
          0regfiles29 = 00000000
          0regfiles30 = 00000000
          0regfiles31 = 00000000
          0instr = 22156027
          0pc = 000000b0
          0regfiles0 = 00000000
          0regfiles1 = 00000000
          0regfiles2 = 00000000
          0regfiles3 = 00000000
          0regfiles4 = 00000000
          0regfiles5 = fde60000
          0regfiles6 = 00000001
          0regfiles7 = 000096d6
          0regfiles8 = fde60000
          0regfiles9 = 00000001
          0regfiles10 = 00000000
          0regfiles11 = 00000000
          0regfiles12 = 00000000
          0regfiles13 = 00006820
          0regfiles14 = 00007023
          0regfiles15 = 00000000
          0regfiles16 = 00000000
          0regfiles17 = 00000000
          0regfiles18 = 00000000
          0regfiles19 = 00000000
          0regfiles20 = 00000001
          0regfiles21 = ffff9bd1
          0regfiles22 = 00000000
          0regfiles23 = ffffb820
          0regfiles24 = 00000000
          0regfiles25 = e6be0000
          0regfiles26 = 0000c275
          0regfiles27 = 00001163
          0regfiles28 = 00000000
          0regfiles29 = 00000000
          0regfiles30 = 00000000
          0regfiles31 = 00000000
          0instr = 369b1162
          0pc = 000000b4
          0regfiles0 = 00000000
          0regfiles1 = 00000000
          0regfiles2 = 00000000
          0regfiles3 = 00000000
          0regfiles4 = 00000000
          0regfiles5 = fde60000
          0regfiles6 = 00000001
          0regfiles7 = 000096d6
          0regfiles8 = fde60000
          0regfiles9 = 00000001
          0regfiles10 = 00000000
          0regfiles11 = 00000000
          0regfiles12 = 00000000
          0regfiles13 = 00006820
          0regfiles14 = 00007023
          0regfiles15 = 00000000
          0regfiles16 = 00000000
          0regfiles17 = 00000000
          0regfiles18 = 00000000
          0regfiles19 = 00000000
          0regfiles20 = 00000001
          0regfiles21 = ffff9bd1
          0regfiles22 = 00000000
          0regfiles23 = ffffb820
          0regfiles24 = 00000000
          0regfiles25 = e6be0000
          0regfiles26 = 0000c275
          0regfiles27 = 00001163
          0regfiles28 = 00000000
          0regfiles29 = 00000000
          0regfiles30 = 00000000
          0regfiles31 = 00000000
          0instr = 00140cc3
          0pc = 000000b8
          0regfiles0 = 00000000
          0regfiles1 = 00000000
          0regfiles2 = 00000000
          0regfiles3 = 00000000
          0regfiles4 = 00000000
          0regfiles5 = fde60000
          0regfiles6 = 00000001
          0regfiles7 = 000096d6
          0regfiles8 = fde60000
          0regfiles9 = 00000001
          0regfiles10 = 00000000
          0regfiles11 = 00000000
          0regfiles12 = 00000000
          0regfiles13 = 00006820
          0regfiles14 = 00007023
          0regfiles15 = 00000000
          0regfiles16 = 00000000
          0regfiles17 = 00000000
          0regfiles18 = 00000000
          0regfiles19 = 00000000
          0regfiles20 = 00000001
          0regfiles21 = ffff9bd1
          0regfiles22 = 00000000
          0regfiles23 = ffffb820
          0regfiles24 = 00000000
          0regfiles25 = e6be0000
          0regfiles26 = 0000c275
          0regfiles27 = 00001163
          0regfiles28 = 00000000
          0regfiles29 = 00000000
          0regfiles30 = 00000000
          0regfiles31 = 00000000
          0instr = 002f1025
          0pc = 000000bc
          0regfiles0 = 00000000
          0regfiles1 = 00000000
          0regfiles2 = 00000000
          0regfiles3 = 00000000
          0regfiles4 = 00000000
          0regfiles5 = fde60000
          0regfiles6 = 00000001
          0regfiles7 = 000096d6
          0regfiles8 = fde60000
          0regfiles9 = 00000001
          0regfiles10 = 00000000
          0regfiles11 = 00000000
          0regfiles12 = 00000000
          0regfiles13 = 00006820
          0regfiles14 = 00007023
          0regfiles15 = 00000000
          0regfiles16 = 00000000
          0regfiles17 = 00000000
          0regfiles18 = 00000000
          0regfiles19 = 00000000
          0regfiles20 = 00000001
          0regfiles21 = ffff9bd1
          0regfiles22 = 00000000
          0regfiles23 = ffffb820
          0regfiles24 = 00000000
          0regfiles25 = e6be0000
          0regfiles26 = 0000c275
          0regfiles27 = 00001163
          0regfiles28 = 00000000
          0regfiles29 = 00000000
          0regfiles30 = 00000000
          0regfiles31 = 00000000
          0instr = 0362602b
          0pc = 000000c0
          0regfiles0 = 00000000
          0regfiles1 = 00000000
          0regfiles2 = 00000000
          0regfiles3 = 00000000
          0regfiles4 = 00001163
          0regfiles5 = fde60000
          0regfiles6 = 00000001
          0regfiles7 = 000096d6
          0regfiles8 = fde60000
          0regfiles9 = 00000001
          0regfiles10 = 00000000
          0regfiles11 = 00000000
          0regfiles12 = 00000000
          0regfiles13 = 00006820
          0regfiles14 = 00007023
          0regfiles15 = 00000000
          0regfiles16 = 00000000
          0regfiles17 = 00000000
          0regfiles18 = 00000000
          0regfiles19 = 00000000
          0regfiles20 = 00000001
          0regfiles21 = ffff9bd1
          0regfiles22 = 00000000
          0regfiles23 = ffffb820
          0regfiles24 = 00000000
          0regfiles25 = e6be0000
          0regfiles26 = 0000c275
          0regfiles27 = 00001163
          0regfiles28 = 00000000
          0regfiles29 = 00000000
          0regfiles30 = 00000000
          0regfiles31 = 00000000
          0instr = 011b2007
          0pc = 000000c4
          0regfiles0 = 00000000
          0regfiles1 = 00000000
          0regfiles2 = 00000000
          0regfiles3 = 00000000
          0regfiles4 = 00001163
          0regfiles5 = fde60000
          0regfiles6 = 00000001
          0regfiles7 = 000096d6
          0regfiles8 = fde60000
          0regfiles9 = 00000001
          0regfiles10 = 00000000
          0regfiles11 = 00000000
          0regfiles12 = 00000000
          0regfiles13 = 00006820
          0regfiles14 = 00007023
          0regfiles15 = 00000000
          0regfiles16 = 00000000
          0regfiles17 = 00000000
          0regfiles18 = 00000000
          0regfiles19 = 00000000
          0regfiles20 = 00000001
          0regfiles21 = ffff9bd1
          0regfiles22 = 00000000
          0regfiles23 = ffffb820
          0regfiles24 = 00000000
          0regfiles25 = e6be0000
          0regfiles26 = 0000c275
          0regfiles27 = 00001163
          0regfiles28 = 00000000
          0regfiles29 = 0000e384
          0regfiles30 = 00000000
          0regfiles31 = 00000000
          0instr = 24dde382
          0pc = 000000c8
          0regfiles0 = 00000000
          0regfiles1 = 00000000
          0regfiles2 = 00000000
          0regfiles3 = 00000000
          0regfiles4 = 00001163
          0regfiles5 = fde60000
          0regfiles6 = 00000001
          0regfiles7 = 000096d6
          0regfiles8 = fde60000
          0regfiles9 = 00000001
          0regfiles10 = 00000000
          0regfiles11 = 00000000
          0regfiles12 = 00000001
          0regfiles13 = 00006820
          0regfiles14 = 00007023
          0regfiles15 = 00000000
          0regfiles16 = 00000000
          0regfiles17 = 00000000
          0regfiles18 = 00000000
          0regfiles19 = 00000000
          0regfiles20 = 00000001
          0regfiles21 = ffff9bd1
          0regfiles22 = 00000000
          0regfiles23 = ffffb820
          0regfiles24 = 00000000
          0regfiles25 = e6be0000
          0regfiles26 = 0000c275
          0regfiles27 = 00001163
          0regfiles28 = 00000000
          0regfiles29 = 0000e384
          0regfiles30 = 00000000
          0regfiles31 = 00000000
          0instr = 00c3602b
          0pc = 000000cc
          0regfiles0 = 00000000
          0regfiles1 = 00000000
          0regfiles2 = 00000000
          0regfiles3 = 00000000
          0regfiles4 = 00001163
          0regfiles5 = fde60000
          0regfiles6 = 00000001
          0regfiles7 = 000096d6
          0regfiles8 = fde60000
          0regfiles9 = 00000001
          0regfiles10 = 00000000
          0regfiles11 = 00000000
          0regfiles12 = 00000001
          0regfiles13 = 00006820
          0regfiles14 = 00007023
          0regfiles15 = 00000000
          0regfiles16 = 00000000
          0regfiles17 = 00000000
          0regfiles18 = 00000000
          0regfiles19 = 00000000
          0regfiles20 = 00000001
          0regfiles21 = ffff9bd1
          0regfiles22 = 00000000
          0regfiles23 = ffffb820
          0regfiles24 = 00000000
          0regfiles25 = e6be0000
          0regfiles26 = 0000c275
          0regfiles27 = 00001163
          0regfiles28 = 34360000
          0regfiles29 = 0000e384
          0regfiles30 = 00000000
          0regfiles31 = 00000000
          0instr = 3c1c3436
          0pc = 000000d0
          0regfiles0 = 00000000
          0regfiles1 = 00000000
          0regfiles2 = 00000000
          0regfiles3 = 00000000
          0regfiles4 = 00001163
          0regfiles5 = fde60000
          0regfiles6 = 00000001
          0regfiles7 = 000096d6
          0regfiles8 = fde60000
          0regfiles9 = 00000001
          0regfiles10 = 00000000
          0regfiles11 = 00000000
          0regfiles12 = 00000001
          0regfiles13 = 00006820
          0regfiles14 = 00007023
          0regfiles15 = 00000000
          0regfiles16 = 00000000
          0regfiles17 = 00000000
          0regfiles18 = 00000000
          0regfiles19 = 00000000
          0regfiles20 = 00000001
          0regfiles21 = ffff9bd1
          0regfiles22 = 00000000
          0regfiles23 = ffffb820
          0regfiles24 = 00000000
          0regfiles25 = e6be0000
          0regfiles26 = 0000c275
          0regfiles27 = 0000642e
          0regfiles28 = 34360000
          0regfiles29 = 0000e384
          0regfiles30 = 00000000
          0regfiles31 = 00000000
          0instr = 02aad827
          0pc = 000000d4
          0regfiles0 = 00000000
          0regfiles1 = 00000000
          0regfiles2 = 00000000
          0regfiles3 = 00000000
          0regfiles4 = 00001163
          0regfiles5 = fde60000
          0regfiles6 = 0000b251
          0regfiles7 = 000096d6
          0regfiles8 = fde60000
          0regfiles9 = 00000001
          0regfiles10 = 00000000
          0regfiles11 = 00000000
          0regfiles12 = 00000001
          0regfiles13 = 00006820
          0regfiles14 = 00007023
          0regfiles15 = 00000000
          0regfiles16 = 00000000
          0regfiles17 = 00000000
          0regfiles18 = 00000000
          0regfiles19 = 00000000
          0regfiles20 = 00000001
          0regfiles21 = ffff9bd1
          0regfiles22 = 00000000
          0regfiles23 = ffffb820
          0regfiles24 = 00000000
          0regfiles25 = e6be0000
          0regfiles26 = 0000c275
          0regfiles27 = 0000642e
          0regfiles28 = 34360000
          0regfiles29 = 0000e384
          0regfiles30 = 00000000
          0regfiles31 = 00000000
          0instr = 3ac6b251
          0pc = 000000d8
          0regfiles0 = 00000000
          0regfiles1 = 00000000
          0regfiles2 = 00000000
          0regfiles3 = 00000000
          0regfiles4 = 00001163
          0regfiles5 = fde60000
          0regfiles6 = 0000b251
          0regfiles7 = 000096d6
          0regfiles8 = fde60000
          0regfiles9 = 00000001
          0regfiles10 = 00000000
          0regfiles11 = 00000000
          0regfiles12 = 00000001
          0regfiles13 = 00006820
          0regfiles14 = 00007023
          0regfiles15 = 00000000
          0regfiles16 = 00000000
          0regfiles17 = 00000000
          0regfiles18 = 00000000
          0regfiles19 = 00000000
          0regfiles20 = 00000001
          0regfiles21 = ffff9bd1
          0regfiles22 = 00000000
          0regfiles23 = ffffb820
          0regfiles24 = 00000000
          0regfiles25 = e6be0000
          0regfiles26 = 0000c275
          0regfiles27 = 0000642e
          0regfiles28 = 34360000
          0regfiles29 = 0000e384
          0regfiles30 = 00000000
          0regfiles31 = 00000000
          0instr = 28a2982c
          0pc = 000000dc
          0regfiles0 = 00000000
          0regfiles1 = 00000000
          0regfiles2 = 00000000
          0regfiles3 = 00000000
          0regfiles4 = 00001163
          0regfiles5 = fde60000
          0regfiles6 = 0000b251
          0regfiles7 = 000096d6
          0regfiles8 = f7040000
          0regfiles9 = 00000001
          0regfiles10 = 00000000
          0regfiles11 = 00000000
          0regfiles12 = 00000001
          0regfiles13 = 00006820
          0regfiles14 = 00007023
          0regfiles15 = 00000000
          0regfiles16 = 00000000
          0regfiles17 = 00000000
          0regfiles18 = 00000000
          0regfiles19 = 00000000
          0regfiles20 = 00000001
          0regfiles21 = ffff9bd1
          0regfiles22 = 00000000
          0regfiles23 = ffffb820
          0regfiles24 = 00000000
          0regfiles25 = e6be0000
          0regfiles26 = 0000c275
          0regfiles27 = 0000642e
          0regfiles28 = 34360000
          0regfiles29 = 0000e384
          0regfiles30 = 00000000
          0regfiles31 = 00000000
          0instr = 00174340
          0pc = 000000e0
          0regfiles0 = 00000000
          0regfiles1 = 00000000
          0regfiles2 = 00000000
          0regfiles3 = 00000000
          0regfiles4 = 00001163
          0regfiles5 = fde60000
          0regfiles6 = 0000b251
          0regfiles7 = 000096d6
          0regfiles8 = f7040000
          0regfiles9 = 00000001
          0regfiles10 = 00000000
          0regfiles11 = 00000000
          0regfiles12 = 00000001
          0regfiles13 = c7080000
          0regfiles14 = 00007023
          0regfiles15 = 00000000
          0regfiles16 = 00000000
          0regfiles17 = 00000000
          0regfiles18 = 00000000
          0regfiles19 = 00000000
          0regfiles20 = 00000001
          0regfiles21 = ffff9bd1
          0regfiles22 = 00000000
          0regfiles23 = ffffb820
          0regfiles24 = 00000000
          0regfiles25 = e6be0000
          0regfiles26 = 0000c275
          0regfiles27 = 0000642e
          0regfiles28 = 34360000
          0regfiles29 = 0000e384
          0regfiles30 = 00000000
          0regfiles31 = 00000000
          0instr = 00dd6804
          0pc = 000000e4
          0regfiles0 = 00000000
          0regfiles1 = 00000000
          0regfiles2 = 00000000
          0regfiles3 = 00000000
          0regfiles4 = 00001163
          0regfiles5 = fde60000
          0regfiles6 = 0000b251
          0regfiles7 = 000096d6
          0regfiles8 = f7040000
          0regfiles9 = 00000001
          0regfiles10 = 00000000
          0regfiles11 = 00000000
          0regfiles12 = 00000001
          0regfiles13 = c7080000
          0regfiles14 = 00007023
          0regfiles15 = 00000000
          0regfiles16 = 00000000
          0regfiles17 = 00000000
          0regfiles18 = 00000000
          0regfiles19 = 00000000
          0regfiles20 = 00000001
          0regfiles21 = ffff9bd1
          0regfiles22 = 00000000
          0regfiles23 = ffffb820
          0regfiles24 = 00000000
          0regfiles25 = e6be0000
          0regfiles26 = 0000c275
          0regfiles27 = 0000642e
          0regfiles28 = 34360000
          0regfiles29 = 0000e384
          0regfiles30 = 00000000
          0regfiles31 = 00000000
          0instr = 0007c0c3
          0pc = 000000e8
          0regfiles0 = 00000000
          0regfiles1 = 00000000
          0regfiles2 = 00000000
          0regfiles3 = 00000000
          0regfiles4 = 00001163
          0regfiles5 = fde60000
          0regfiles6 = 0000b251
          0regfiles7 = 000096d6
          0regfiles8 = f7040000
          0regfiles9 = 00000001
          0regfiles10 = 00000000
          0regfiles11 = 00000000
          0regfiles12 = 00000001
          0regfiles13 = c7080000
          0regfiles14 = 00007023
          0regfiles15 = 00000000
          0regfiles16 = 00000000
          0regfiles17 = 00000000
          0regfiles18 = 00000000
          0regfiles19 = 00000000
          0regfiles20 = 00000001
          0regfiles21 = f704a4a8
          0regfiles22 = 00000000
          0regfiles23 = ffffb820
          0regfiles24 = 00000000
          0regfiles25 = e6be0000
          0regfiles26 = 0000c275
          0regfiles27 = 0000642e
          0regfiles28 = 34360000
          0regfiles29 = 0000e384
          0regfiles30 = 00000000
          0regfiles31 = 00000000
          0instr = 3915a4a8
          0pc = 000000ec
          0regfiles0 = 00000000
          0regfiles1 = 00000000
          0regfiles2 = 00000000
          0regfiles3 = 00000000
          0regfiles4 = 00001163
          0regfiles5 = fde60000
          0regfiles6 = 0000b251
          0regfiles7 = 000096d6
          0regfiles8 = f7040000
          0regfiles9 = 00000001
          0regfiles10 = 00000000
          0regfiles11 = 00000000
          0regfiles12 = 00000001
          0regfiles13 = c7080000
          0regfiles14 = 00007023
          0regfiles15 = 00000000
          0regfiles16 = 00000000
          0regfiles17 = 00000000
          0regfiles18 = 00000000
          0regfiles19 = 00000000
          0regfiles20 = 00000001
          0regfiles21 = f704a4a8
          0regfiles22 = 00000000
          0regfiles23 = ffffb820
          0regfiles24 = 00000000
          0regfiles25 = e6be0000
          0regfiles26 = ffff2fdd
          0regfiles27 = 0000642e
          0regfiles28 = 34360000
          0regfiles29 = 0000e384
          0regfiles30 = 00000000
          0regfiles31 = 00000000
          0instr = 0236d023
          0pc = 000000f0
          0regfiles0 = 00000000
          0regfiles1 = 00000000
          0regfiles2 = 00000000
          0regfiles3 = 00000000
          0regfiles4 = 00001163
          0regfiles5 = fde60000
          0regfiles6 = 0000b251
          0regfiles7 = 000096d6
          0regfiles8 = f7040000
          0regfiles9 = 00000001
          0regfiles10 = 00000000
          0regfiles11 = 08fb5b57
          0regfiles12 = 00000001
          0regfiles13 = c7080000
          0regfiles14 = 00007023
          0regfiles15 = 00000000
          0regfiles16 = 00000000
          0regfiles17 = 00000000
          0regfiles18 = 00000000
          0regfiles19 = 00000000
          0regfiles20 = 00000001
          0regfiles21 = f704a4a8
          0regfiles22 = 00000000
          0regfiles23 = ffffb820
          0regfiles24 = 00000000
          0regfiles25 = e6be0000
          0regfiles26 = ffff2fdd
          0regfiles27 = 0000642e
          0regfiles28 = 34360000
          0regfiles29 = 0000e384
          0regfiles30 = 00000000
          0regfiles31 = 00000000
          0instr = 02b25827
          0pc = 000000f4
