Release 13.3 Map O.76xd (nt)
Xilinx Mapping Report File for Design 'top_cpu'

Design Information
------------------
Command Line   : map -intstyle ise -p xc6slx16-csg324-3 -w -logic_opt off -ol
high -t 1 -xt 0 -register_duplication off -r 4 -global_opt off -mt off -ir off
-pr off -lc off -power off -o top_cpu_map.ncd top_cpu.ngd top_cpu.pcf 
Target Device  : xc6slx16
Target Package : csg324
Target Speed   : -3
Mapper Version : spartan6 -- $Revision: 1.55 $
Mapped Date    : Fri Sep 06 23:14:54 2013

Interim Summary
---------------
Slice Logic Utilization:
  Number of Slice Registers:                     0 out of  18,224    0%
  Number of Slice LUTs:                          0 out of   9,112    0%

Slice Logic Distribution:
  Nummber of MUXCYs used:                        0 out of   4,556    0%
  Number of LUT Flip Flop pairs used:            0

IO Utilization:
  Number of bonded IOBs:                         2 out of     232    1%
    Number of LOCed IOBs:                        2 out of       2  100%

Specific Feature Utilization:
  Number of RAMB16BWERs:                         0 out of      32    0%
  Number of RAMB8BWERs:                          0 out of      64    0%
  Number of BUFIO2/BUFIO2_2CLKs:                 0 out of      32    0%
  Number of BUFIO2FB/BUFIO2FB_2CLKs:             0 out of      32    0%
  Number of BUFG/BUFGMUXs:                       0 out of      16    0%
  Number of DCM/DCM_CLKGENs:                     0 out of       4    0%
  Number of ILOGIC2/ISERDES2s:                   0 out of     248    0%
  Number of IODELAY2/IODRP2/IODRP2_MCBs:         0 out of     248    0%
  Number of OLOGIC2/OSERDES2s:                   0 out of     248    0%
  Number of BSCANs:                              0 out of       4    0%
  Number of BUFHs:                               0 out of     128    0%
  Number of BUFPLLs:                             0 out of       8    0%
  Number of BUFPLL_MCBs:                         0 out of       4    0%
  Number of DSP48A1s:                            0 out of      32    0%
  Number of ICAPs:                               0 out of       1    0%
  Number of MCBs:                                0 out of       2    0%
  Number of PCILOGICSEs:                         0 out of       2    0%
  Number of PLL_ADVs:                            0 out of       2    0%
  Number of PMVs:                                0 out of       1    0%
  Number of STARTUPs:                            0 out of       1    0%
  Number of SUSPEND_SYNCs:                       0 out of       1    0%


Design Summary
--------------
Number of errors   :   1
Number of warnings :   0

Section 1 - Errors
------------------
FATAL_ERROR:Portability:PortDynamicLib.c:408:1.33 - dll open of library
   <D:/Xilinx/13.3/ISE_DS/ISE/lib/nt/libHmetis.dll> failed due to ¾Ü¾ø·ÃÎÊ¡£  . 
    Process will terminate. For technical support on this issue, please open a
   WebCase with this project attached at http://www.xilinx.com/support.

Section 2 - Warnings
--------------------

Section 3 - Informational
-------------------------
INFO:LIT:243 - Logical network iram_indata<31> has no load.
INFO:LIT:395 - The above info message is repeated 33 more times for the
   following (max. 5 shown):
   iram_indata<30>,
   iram_indata<29>,
   iram_indata<28>,
   iram_indata<27>,
   iram_indata<26>
   To see the details of these info messages, please use the -detail switch.
INFO:MapLib:562 - No environment variables are currently set.
INFO:Pack:1716 - Initializing temperature to 85.000 Celsius. (default - Range:
   0.000 to 85.000 Celsius)
INFO:Pack:1720 - Initializing voltage to 1.140 Volts. (default - Range: 1.140 to
   1.260 Volts)
INFO:Map:215 - The Interim Design Summary has been generated in the MAP Report
   (.mrp).

Section 4 - Removed Logic Summary
---------------------------------

Section 5 - Removed Logic
-------------------------

Section 12 - Configuration String Details
-----------------------------------------
Use the "-detail" map option to print out Configuration Strings

Section 13 - Control Set Information
------------------------------------
Use the "-detail" map option to print out Control Set Information.
