--------------------------------------------------------------------------------
Release 13.3 Trace  (nt)
Copyright (c) 1995-2011 Xilinx, Inc.  All rights reserved.

D:\Xilinx\13.3\ISE_DS\ISE\bin\nt\unwrapped\trce.exe -intstyle ise -v 3 -s 3 -n
3 -fastpaths -xml top_core.twx top_core.ncd -o top_core.twr top_core.pcf -ucf
top_cpu_ucf.ucf

Design file:              top_core.ncd
Physical constraint file: top_core.pcf
Device,package,speed:     xc6slx16,csg324,C,-3 (PRODUCTION 1.20 2011-10-03)
Report level:             verbose report

Environment Variable      Effect 
--------------------      ------ 
NONE                      No environment variables were set
--------------------------------------------------------------------------------

INFO:Timing:2698 - No timing constraints found, doing default enumeration.
INFO:Timing:2752 - To get complete path coverage, use the unconstrained paths 
   option. All paths that are not constrained will be reported in the 
   unconstrained paths section(s) of the report.
INFO:Timing:3339 - The clock-to-out numbers in this timing report are based on 
   a 50 Ohm transmission line loading model.  For the details of this model, 
   and for more information on accounting for different loading conditions, 
   please see the device datasheet.



Data Sheet report:
-----------------
All values displayed in nanoseconds (ns)

Setup/Hold to clock clk
------------+------------+------------+------------+------------+------------------+--------+
            |Max Setup to|  Process   |Max Hold to |  Process   |                  | Clock  |
Source      | clk (edge) |   Corner   | clk (edge) |   Corner   |Internal Clock(s) | Phase  |
------------+------------+------------+------------+------------+------------------+--------+
ps2_clk     |    0.643(R)|      FAST  |    0.214(R)|      SLOW  |clk_BUFGP         |   0.000|
ps2_data    |    2.974(R)|      SLOW  |    0.101(R)|      SLOW  |clk_BUFGP         |   0.000|
rst         |    5.408(R)|      SLOW  |   -2.102(R)|      FAST  |clk_BUFGP         |   0.000|
------------+------------+------------+------------+------------+------------------+--------+

Clock clk to Pad
------------+-----------------+------------+-----------------+------------+------------------+--------+
            |Max (slowest) clk|  Process   |Min (fastest) clk|  Process   |                  | Clock  |
Destination |  (edge) to PAD  |   Corner   |  (edge) to PAD  |   Corner   |Internal Clock(s) | Phase  |
------------+-----------------+------------+-----------------+------------+------------------+--------+
b<0>        |         8.813(R)|      SLOW  |         4.955(R)|      FAST  |clk_BUFGP         |   0.000|
b<1>        |         8.608(R)|      SLOW  |         4.847(R)|      FAST  |clk_BUFGP         |   0.000|
cpu_clk     |         8.419(R)|      SLOW  |         4.629(R)|      FAST  |clk_BUFGP         |   0.000|
g<0>        |         8.359(R)|      SLOW  |         4.683(R)|      FAST  |clk_BUFGP         |   0.000|
g<1>        |         8.850(R)|      SLOW  |         4.996(R)|      FAST  |clk_BUFGP         |   0.000|
g<2>        |         8.828(R)|      SLOW  |         4.971(R)|      FAST  |clk_BUFGP         |   0.000|
hs          |         7.854(R)|      SLOW  |         4.405(R)|      FAST  |clk_BUFGP         |   0.000|
r<0>        |         8.578(R)|      SLOW  |         4.867(R)|      FAST  |clk_BUFGP         |   0.000|
r<1>        |         8.745(R)|      SLOW  |         4.996(R)|      FAST  |clk_BUFGP         |   0.000|
r<2>        |         8.602(R)|      SLOW  |         4.850(R)|      FAST  |clk_BUFGP         |   0.000|
vs          |         7.973(R)|      SLOW  |         4.468(R)|      FAST  |clk_BUFGP         |   0.000|
------------+-----------------+------------+-----------------+------------+------------------+--------+

Clock to Setup on destination clock clk
---------------+---------+---------+---------+---------+
               | Src:Rise| Src:Fall| Src:Rise| Src:Fall|
Source Clock   |Dest:Rise|Dest:Rise|Dest:Fall|Dest:Fall|
---------------+---------+---------+---------+---------+
clk            |   20.454|         |         |         |
---------------+---------+---------+---------+---------+

Pad to Pad
---------------+---------------+---------+
Source Pad     |Destination Pad|  Delay  |
---------------+---------------+---------+
SW<1>          |led_data<0>    |   12.517|
SW<1>          |led_data<1>    |   12.137|
SW<1>          |led_data<2>    |   14.436|
SW<1>          |led_data<3>    |   13.759|
SW<1>          |led_data<4>    |   11.561|
SW<1>          |led_data<5>    |   11.340|
SW<1>          |led_data<6>    |   10.761|
SW<1>          |led_data<7>    |   10.461|
SW<2>          |led_data<0>    |   13.203|
SW<2>          |led_data<1>    |   13.177|
SW<2>          |led_data<2>    |   14.628|
SW<2>          |led_data<3>    |   14.436|
SW<2>          |led_data<4>    |   12.152|
SW<2>          |led_data<5>    |   11.813|
SW<2>          |led_data<6>    |   11.568|
SW<2>          |led_data<7>    |   11.527|
---------------+---------------+---------+


Analysis completed Mon Sep 16 18:57:08 2013 
--------------------------------------------------------------------------------

Trace Settings:
-------------------------
Trace Settings 

Peak Memory Usage: 223 MB



