Release 13.3 Map O.76xd (nt)
Xilinx Mapping Report File for Design 'top_core'

Design Information
------------------
Command Line   : map -intstyle ise -p xc6slx16-csg324-3 -w -logic_opt off -ol
high -t 1 -xt 0 -register_duplication off -r 4 -global_opt off -mt off -ir off
-pr off -lc off -power off -o top_core_map.ncd top_core.ngd top_core.pcf 
Target Device  : xc6slx16
Target Package : csg324
Target Speed   : -3
Mapper Version : spartan6 -- $Revision: 1.55 $
Mapped Date    : Mon Jul 08 18:52:15 2013

Design Summary
--------------
Number of errors:      0
Number of warnings:    1
Slice Logic Utilization:
  Number of Slice Registers:                   420 out of  18,224    2%
    Number used as Flip Flops:                 419
    Number used as Latches:                      1
    Number used as Latch-thrus:                  0
    Number used as AND/OR logics:                0
  Number of Slice LUTs:                      1,814 out of   9,112   19%
    Number used as logic:                    1,767 out of   9,112   19%
      Number using O6 output only:           1,687
      Number using O5 output only:              30
      Number using O5 and O6:                   50
      Number used as ROM:                        0
    Number used as Memory:                      40 out of   2,176    1%
      Number used as Dual Port RAM:              0
      Number used as Single Port RAM:           40
        Number using O6 output only:            24
        Number using O5 output only:             2
        Number using O5 and O6:                 14
      Number used as Shift Register:             0
    Number used exclusively as route-thrus:      7
      Number with same-slice register load:      4
      Number with same-slice carry load:         3
      Number with other load:                    0

Slice Logic Distribution:
  Number of occupied Slices:                   589 out of   2,278   25%
  Nummber of MUXCYs used:                       56 out of   4,556    1%
  Number of LUT Flip Flop pairs used:        1,828
    Number with an unused Flip Flop:         1,414 out of   1,828   77%
    Number with an unused LUT:                  14 out of   1,828    1%
    Number of fully used LUT-FF pairs:         400 out of   1,828   21%
    Number of unique control sets:              11
    Number of slice register sites lost
      to control set restrictions:              30 out of  18,224    1%

  A LUT Flip Flop pair for this architecture represents one LUT paired with
  one Flip Flop within a slice.  A control set is a unique combination of
  clock, reset, set, and enable signals for a registered element.
  The Slice Logic Distribution report is not meaningful if the design is
  over-mapped for a non-slice resource or if Placement fails.

IO Utilization:
  Number of bonded IOBs:                        25 out of     232   10%
    Number of LOCed IOBs:                       25 out of      25  100%

Specific Feature Utilization:
  Number of RAMB16BWERs:                         0 out of      32    0%
  Number of RAMB8BWERs:                          0 out of      64    0%
  Number of BUFIO2/BUFIO2_2CLKs:                 0 out of      32    0%
  Number of BUFIO2FB/BUFIO2FB_2CLKs:             0 out of      32    0%
  Number of BUFG/BUFGMUXs:                       2 out of      16   12%
    Number used as BUFGs:                        2
    Number used as BUFGMUX:                      0
  Number of DCM/DCM_CLKGENs:                     0 out of       4    0%
  Number of ILOGIC2/ISERDES2s:                   0 out of     248    0%
  Number of IODELAY2/IODRP2/IODRP2_MCBs:         0 out of     248    0%
  Number of OLOGIC2/OSERDES2s:                   0 out of     248    0%
  Number of BSCANs:                              0 out of       4    0%
  Number of BUFHs:                               0 out of     128    0%
  Number of BUFPLLs:                             0 out of       8    0%
  Number of BUFPLL_MCBs:                         0 out of       4    0%
  Number of DSP48A1s:                            0 out of      32    0%
  Number of ICAPs:                               0 out of       1    0%
  Number of MCBs:                                0 out of       2    0%
  Number of PCILOGICSEs:                         0 out of       2    0%
  Number of PLL_ADVs:                            0 out of       2    0%
  Number of PMVs:                                0 out of       1    0%
  Number of STARTUPs:                            0 out of       1    0%
  Number of SUSPEND_SYNCs:                       0 out of       1    0%

Average Fanout of Non-Clock Nets:                5.67

Peak Memory Usage:  356 MB
Total REAL time to MAP completion:  28 secs 
Total CPU time to MAP completion:   25 secs 

Table of Contents
-----------------
Section 1 - Errors
Section 2 - Warnings
Section 3 - Informational
Section 4 - Removed Logic Summary
Section 5 - Removed Logic
Section 6 - IOB Properties
Section 7 - RPMs
Section 8 - Guide Report
Section 9 - Area Group and Partition Summary
Section 10 - Timing Report
Section 11 - Configuration String Information
Section 12 - Control Set Information
Section 13 - Utilization by Hierarchy

Section 1 - Errors
------------------

Section 2 - Warnings
--------------------
WARNING:PhysDesignRules:372 - Gated clock. Clock net
   clk_manager/rstinit/clk_count[7]_GND_3_o_MUX_8_o is sourced by a
   combinatorial pin. This is not good design practice. Use the CE pin to
   control the loading of data into the flip-flop.

Section 3 - Informational
-------------------------
INFO:LIT:243 - Logical network res_IBUF has no load.
INFO:MapLib:562 - No environment variables are currently set.
INFO:LIT:244 - All of the single ended outputs in this design are using slew
   rate limited output drivers. The delay on speed critical single ended outputs
   can be dramatically reduced by designating them as fast outputs.
INFO:Pack:1716 - Initializing temperature to 85.000 Celsius. (default - Range:
   0.000 to 85.000 Celsius)
INFO:Pack:1720 - Initializing voltage to 1.140 Volts. (default - Range: 1.140 to
   1.260 Volts)
INFO:Map:215 - The Interim Design Summary has been generated in the MAP Report
   (.mrp).
INFO:Pack:1650 - Map created a placed design.

Section 4 - Removed Logic Summary
---------------------------------
   2 block(s) optimized away

Section 5 - Removed Logic
-------------------------

Optimized Block(s):
TYPE 		BLOCK
GND 		XST_GND
VCC 		XST_VCC

To enable printing of redundant blocks removed and signals merged, set the
detailed map report option and rerun map.

Section 6 - IOB Properties
--------------------------

+---------------------------------------------------------------------------------------------------------------------------------------------------------+
| IOB Name                           | Type             | Direction | IO Standard          | Diff  | Drive    | Slew | Reg (s)      | Resistor | IOB      |
|                                    |                  |           |                      | Term  | Strength | Rate |              |          | Delay    |
+---------------------------------------------------------------------------------------------------------------------------------------------------------+
| AN<0>                              | IOB              | OUTPUT    | LVCMOS33             |       | 12       | SLOW |              |          |          |
| AN<1>                              | IOB              | OUTPUT    | LVCMOS33             |       | 12       | SLOW |              |          |          |
| AN<2>                              | IOB              | OUTPUT    | LVCMOS33             |       | 12       | SLOW |              |          |          |
| AN<3>                              | IOB              | OUTPUT    | LVCMOS33             |       | 12       | SLOW |              |          |          |
| SW<0>                              | IOB              | INPUT     | LVCMOS33             |       |          |      |              |          |          |
| SW<1>                              | IOB              | INPUT     | LVCMOS33             |       |          |      |              |          |          |
| SW<2>                              | IOB              | INPUT     | LVCMOS33             |       |          |      |              |          |          |
| clk                                | IOB              | INPUT     | LVCMOS33             |       |          |      |              |          |          |
| led_data<0>                        | IOB              | OUTPUT    | LVCMOS33             |       | 12       | SLOW |              |          |          |
| led_data<1>                        | IOB              | OUTPUT    | LVCMOS33             |       | 12       | SLOW |              |          |          |
| led_data<2>                        | IOB              | OUTPUT    | LVCMOS33             |       | 12       | SLOW |              |          |          |
| led_data<3>                        | IOB              | OUTPUT    | LVCMOS33             |       | 12       | SLOW |              |          |          |
| led_data<4>                        | IOB              | OUTPUT    | LVCMOS33             |       | 12       | SLOW |              |          |          |
| led_data<5>                        | IOB              | OUTPUT    | LVCMOS33             |       | 12       | SLOW |              |          |          |
| led_data<6>                        | IOB              | OUTPUT    | LVCMOS33             |       | 12       | SLOW |              |          |          |
| led_data<7>                        | IOB              | OUTPUT    | LVCMOS33             |       | 12       | SLOW |              |          |          |
| res                                | IOB              | INPUT     | LVCMOS33             |       |          |      |              |          |          |
| segment_data<0>                    | IOB              | OUTPUT    | LVCMOS33             |       | 12       | SLOW |              |          |          |
| segment_data<1>                    | IOB              | OUTPUT    | LVCMOS33             |       | 12       | SLOW |              |          |          |
| segment_data<2>                    | IOB              | OUTPUT    | LVCMOS33             |       | 12       | SLOW |              |          |          |
| segment_data<3>                    | IOB              | OUTPUT    | LVCMOS33             |       | 12       | SLOW |              |          |          |
| segment_data<4>                    | IOB              | OUTPUT    | LVCMOS33             |       | 12       | SLOW |              |          |          |
| segment_data<5>                    | IOB              | OUTPUT    | LVCMOS33             |       | 12       | SLOW |              |          |          |
| segment_data<6>                    | IOB              | OUTPUT    | LVCMOS33             |       | 12       | SLOW |              |          |          |
| segment_data<7>                    | IOB              | OUTPUT    | LVCMOS33             |       | 12       | SLOW |              |          |          |
+---------------------------------------------------------------------------------------------------------------------------------------------------------+

Section 7 - RPMs
----------------

Section 8 - Guide Report
------------------------
Guide not run on this design.

Section 9 - Area Group and Partition Summary
--------------------------------------------

Partition Implementation Status
-------------------------------

  No Partitions were found in this design.

-------------------------------

Area Group Information
----------------------

  No area groups were found in this design.

----------------------

Section 10 - Timing Report
--------------------------
A logic-level (pre-route) timing report can be generated by using Xilinx static
timing analysis tools, Timing Analyzer (GUI) or TRCE (command line), with the
mapped NCD and PCF files. Please note that this timing report will be generated
using estimated delay information. For accurate numbers, please generate a
timing report with the post Place and Route NCD file.

For more information about the Timing Analyzer, consult the Xilinx Timing
Analyzer Reference Manual; for more information about TRCE, consult the Xilinx
Command Line Tools User Guide "TRACE" chapter.

Section 11 - Configuration String Details
-----------------------------------------
Use the "-detail" map option to print out Configuration Strings

Section 12 - Control Set Information
------------------------------------
Use the "-detail" map option to print out Control Set Information.

Section 13 - Utilization by Hierarchy
-------------------------------------
Use the "-detail" map option to print out the Utilization by Hierarchy section.
