--------------------------------------------------------------------------------
Release 13.3 Trace  (nt)
Copyright (c) 1995-2011 Xilinx, Inc.  All rights reserved.

D:\Xilinx\13.3\ISE_DS\ISE\bin\nt\unwrapped\trce.exe -intstyle ise -v 3 -s 3 -n
3 -fastpaths -xml top_core.twx top_core.ncd -o top_core.twr top_core.pcf -ucf
top_cpu_ucf.ucf

Design file:              top_core.ncd
Physical constraint file: top_core.pcf
Device,package,speed:     xc6slx16,csg324,C,-3 (PRODUCTION 1.20 2011-10-03)
Report level:             verbose report

Environment Variable      Effect 
--------------------      ------ 
NONE                      No environment variables were set
--------------------------------------------------------------------------------

INFO:Timing:2698 - No timing constraints found, doing default enumeration.
INFO:Timing:2752 - To get complete path coverage, use the unconstrained paths 
   option. All paths that are not constrained will be reported in the 
   unconstrained paths section(s) of the report.
INFO:Timing:3339 - The clock-to-out numbers in this timing report are based on 
   a 50 Ohm transmission line loading model.  For the details of this model, 
   and for more information on accounting for different loading conditions, 
   please see the device datasheet.



Data Sheet report:
-----------------
All values displayed in nanoseconds (ns)

Setup/Hold to clock clk
------------+------------+------------+------------+------------+------------------+--------+
            |Max Setup to|  Process   |Max Hold to |  Process   |                  | Clock  |
Source      | clk (edge) |   Corner   | clk (edge) |   Corner   |Internal Clock(s) | Phase  |
------------+------------+------------+------------+------------+------------------+--------+
ps2_clk     |    1.136(R)|      FAST  |   -0.432(R)|      SLOW  |clk_BUFGP         |   0.000|
ps2_data    |    3.187(R)|      SLOW  |   -0.287(R)|      SLOW  |clk_BUFGP         |   0.000|
rst         |    6.424(R)|      SLOW  |   -1.181(R)|      FAST  |clk_BUFGP         |   0.000|
------------+------------+------------+------------+------------+------------------+--------+

Clock clk to Pad
------------+-----------------+------------+-----------------+------------+------------------+--------+
            |Max (slowest) clk|  Process   |Min (fastest) clk|  Process   |                  | Clock  |
Destination |  (edge) to PAD  |   Corner   |  (edge) to PAD  |   Corner   |Internal Clock(s) | Phase  |
------------+-----------------+------------+-----------------+------------+------------------+--------+
b<0>        |         9.916(R)|      SLOW  |         5.604(R)|      FAST  |clk_BUFGP         |   0.000|
b<1>        |        10.082(R)|      SLOW  |         5.706(R)|      FAST  |clk_BUFGP         |   0.000|
cpu_clk     |         7.379(R)|      SLOW  |         3.949(R)|      FAST  |clk_BUFGP         |   0.000|
g<0>        |        10.331(R)|      SLOW  |         5.870(R)|      FAST  |clk_BUFGP         |   0.000|
g<1>        |        10.193(R)|      SLOW  |         5.784(R)|      FAST  |clk_BUFGP         |   0.000|
g<2>        |        10.594(R)|      SLOW  |         6.036(R)|      FAST  |clk_BUFGP         |   0.000|
hs          |        10.487(R)|      SLOW  |         5.252(R)|      FAST  |clk_BUFGP         |   0.000|
r<0>        |        10.802(R)|      SLOW  |         6.168(R)|      FAST  |clk_BUFGP         |   0.000|
r<1>        |        10.367(R)|      SLOW  |         5.897(R)|      FAST  |clk_BUFGP         |   0.000|
r<2>        |         9.938(R)|      SLOW  |         5.626(R)|      FAST  |clk_BUFGP         |   0.000|
vs          |        11.753(R)|      SLOW  |         5.409(R)|      FAST  |clk_BUFGP         |   0.000|
------------+-----------------+------------+-----------------+------------+------------------+--------+

Clock to Setup on destination clock clk
---------------+---------+---------+---------+---------+
               | Src:Rise| Src:Fall| Src:Rise| Src:Fall|
Source Clock   |Dest:Rise|Dest:Rise|Dest:Fall|Dest:Fall|
---------------+---------+---------+---------+---------+
clk            |   12.346|         |         |         |
---------------+---------+---------+---------+---------+

Pad to Pad
---------------+---------------+---------+
Source Pad     |Destination Pad|  Delay  |
---------------+---------------+---------+
SW<1>          |led_data<0>    |   10.420|
SW<1>          |led_data<1>    |    9.975|
SW<1>          |led_data<2>    |    9.414|
SW<1>          |led_data<3>    |    9.273|
SW<1>          |led_data<4>    |    9.717|
SW<1>          |led_data<5>    |    9.243|
SW<1>          |led_data<6>    |    9.779|
SW<1>          |led_data<7>    |    9.368|
SW<2>          |led_data<0>    |   10.997|
SW<2>          |led_data<1>    |   10.396|
SW<2>          |led_data<2>    |    9.800|
SW<2>          |led_data<3>    |    9.851|
SW<2>          |led_data<4>    |   10.284|
SW<2>          |led_data<5>    |    9.928|
SW<2>          |led_data<6>    |   10.485|
SW<2>          |led_data<7>    |   10.144|
---------------+---------------+---------+


Analysis completed Sun Sep 15 19:30:12 2013 
--------------------------------------------------------------------------------

Trace Settings:
-------------------------
Trace Settings 

Peak Memory Usage: 177 MB



