Release 13.3 - xst O.76xd (nt)
Copyright (c) 1995-2011 Xilinx, Inc.  All rights reserved.
--> Parameter TMPDIR set to xst/projnav.tmp


Total REAL time to Xst completion: 0.00 secs
Total CPU time to Xst completion: 0.10 secs
 
--> Parameter xsthdpdir set to xst


Total REAL time to Xst completion: 0.00 secs
Total CPU time to Xst completion: 0.10 secs
 
--> Reading design: top_cpu.prj

TABLE OF CONTENTS
  1) Synthesis Options Summary
  2) HDL Parsing
  3) HDL Elaboration
  4) HDL Synthesis
       4.1) HDL Synthesis Report
  5) Advanced HDL Synthesis
       5.1) Advanced HDL Synthesis Report
  6) Low Level Synthesis
  7) Partition Report
  8) Design Summary
       8.1) Primitive and Black Box Usage
       8.2) Device utilization summary
       8.3) Partition Resource Summary
       8.4) Timing Report
            8.4.1) Clock Information
            8.4.2) Asynchronous Control Signals Information
            8.4.3) Timing Summary
            8.4.4) Timing Details
            8.4.5) Cross Clock Domains Report


=========================================================================
*                      Synthesis Options Summary                        *
=========================================================================
---- Source Parameters
Input File Name                    : "top_cpu.prj"
Ignore Synthesis Constraint File   : NO

---- Target Parameters
Output File Name                   : "top_cpu"
Output Format                      : NGC
Target Device                      : xc6slx16-3-csg324

---- Source Options
Top Module Name                    : top_cpu
Automatic FSM Extraction           : YES
FSM Encoding Algorithm             : Auto
Safe Implementation                : No
FSM Style                          : LUT
RAM Extraction                     : Yes
RAM Style                          : Auto
ROM Extraction                     : Yes
Shift Register Extraction          : YES
ROM Style                          : Auto
Resource Sharing                   : YES
Asynchronous To Synchronous        : NO
Shift Register Minimum Size        : 2
Use DSP Block                      : Auto
Automatic Register Balancing       : No

---- Target Options
LUT Combining                      : Auto
Reduce Control Sets                : Auto
Add IO Buffers                     : YES
Global Maximum Fanout              : 100000
Add Generic Clock Buffer(BUFG)     : 16
Register Duplication               : YES
Optimize Instantiated Primitives   : NO
Use Clock Enable                   : Auto
Use Synchronous Set                : Auto
Use Synchronous Reset              : Auto
Pack IO Registers into IOBs        : Auto
Equivalent register Removal        : YES

---- General Options
Optimization Goal                  : Speed
Optimization Effort                : 1
Power Reduction                    : NO
Keep Hierarchy                     : No
Netlist Hierarchy                  : As_Optimized
RTL Output                         : Yes
Global Optimization                : AllClockNets
Read Cores                         : YES
Write Timing Constraints           : NO
Cross Clock Analysis               : NO
Hierarchy Separator                : /
Bus Delimiter                      : <>
Case Specifier                     : Maintain
Slice Utilization Ratio            : 100
BRAM Utilization Ratio             : 100
DSP48 Utilization Ratio            : 100
Auto BRAM Packing                  : NO
Slice Utilization Ratio Delta      : 5

=========================================================================


=========================================================================
*                          HDL Parsing                                  *
=========================================================================
Analyzing Verilog file "E:\fpga_svn\cpu_pc_if_id_itype\g_p.v" into library work
Parsing module <g_p>.
Analyzing Verilog file "E:\fpga_svn\cpu_pc_if_id_itype\add.v" into library work
Parsing module <add>.
Analyzing Verilog file "E:\fpga_svn\cpu_pc_if_id_itype\cla_2.v" into library work
Parsing module <cla_2>.
Analyzing Verilog file "E:\fpga_svn\cpu_pc_if_id_itype\cla_4.v" into library work
Parsing module <cla_4>.
Analyzing Verilog file "E:\fpga_svn\cpu_pc_if_id_itype\cla_8.v" into library work
Parsing module <cla_8>.
Analyzing Verilog file "E:\fpga_svn\cpu_pc_if_id_itype\cla_16.v" into library work
Parsing module <cla_16>.
Analyzing Verilog file "E:\fpga_svn\cpu_pc_if_id_itype\cla_32.v" into library work
Parsing module <cla_32>.
Analyzing Verilog file "E:\fpga_svn\cpu_pc_if_id_itype\top_cla_32.v" into library work
Parsing module <top_cla_32>.
Analyzing Verilog file "E:\fpga_svn\cpu_pc_if_id_itype\add1.v" into library work
Parsing module <add1>.
Analyzing Verilog file "E:\fpga_svn\cpu_pc_if_id_itype\barrelshifter32.v" into library work
Parsing module <barrelshifter32>.
Analyzing Verilog file "E:\fpga_svn\cpu_pc_if_id_itype\addsub32.v" into library work
Parsing module <addsub32>.
Analyzing Verilog file "E:\fpga_svn\cpu_pc_if_id_itype\slt.v" into library work
Parsing module <slt>.
Analyzing Verilog file "E:\fpga_svn\cpu_pc_if_id_itype\mux4x32.v" into library work
Parsing module <mux4x32>.
Analyzing Verilog file "E:\fpga_svn\cpu_pc_if_id_itype\mux2x32.v" into library work
Parsing module <mux2x32>.
Analyzing Verilog file "E:\fpga_svn\cpu_pc_if_id_itype\bshifter32_carry.v" into library work
Parsing module <bshifter32_carry>.
Analyzing Verilog file "E:\fpga_svn\cpu_pc_if_id_itype\regfiles.v" into library work
Parsing module <regfiles>.
Analyzing Verilog file "E:\fpga_svn\cpu_pc_if_id_itype\ram.v" into library work
Parsing module <ram>.
INFO:HDLCompiler:693 - "E:\fpga_svn\cpu_pc_if_id_itype\ram.v" Line 37. parameter declaration becomes local in ram with formal parameter declaration list
INFO:HDLCompiler:693 - "E:\fpga_svn\cpu_pc_if_id_itype\ram.v" Line 38. parameter declaration becomes local in ram with formal parameter declaration list
Analyzing Verilog file "E:\fpga_svn\cpu_pc_if_id_itype\ext.v" into library work
Parsing module <ext>.
Analyzing Verilog file "E:\fpga_svn\cpu_pc_if_id_itype\controlunit.v" into library work
Parsing module <controlunit>.
Analyzing Verilog file "E:\fpga_svn\cpu_pc_if_id_itype\alu.v" into library work
Parsing module <alu>.
Analyzing Verilog file "E:\fpga_svn\cpu_pc_if_id_itype\pipe_wb.v" into library work
Parsing module <pipe_wb>.
Analyzing Verilog file "E:\fpga_svn\cpu_pc_if_id_itype\pipe_mem.v" into library work
Parsing module <pipe_mem>.
Analyzing Verilog file "E:\fpga_svn\cpu_pc_if_id_itype\pipe_if.v" into library work
Parsing module <pipe_if>.
Analyzing Verilog file "E:\fpga_svn\cpu_pc_if_id_itype\pipe_id.v" into library work
Parsing module <pipe_id>.
Analyzing Verilog file "E:\fpga_svn\cpu_pc_if_id_itype\pipe_exe.v" into library work
Parsing module <pipe_exe>.
Analyzing Verilog file "E:\fpga_svn\cpu_pc_if_id_itype\dffe.v" into library work
Parsing module <dffe>.
Analyzing Verilog file "E:\fpga_svn\cpu_pc_if_id_itype\top_cpu.v" into library work
Parsing module <top_cpu>.

=========================================================================
*                            HDL Elaboration                            *
=========================================================================

Elaborating module <top_cpu>.

Elaborating module <dffe(WIDTH=32)>.

Elaborating module <pipe_if>.

Elaborating module <ram(WIDTH=32,DEPTH=5)>.
Reading initialization file \"memfile.tv\".
WARNING:HDLCompiler:1670 - "E:\fpga_svn\cpu_pc_if_id_itype\ram.v" Line 46: Signal <ram> in initial block is partially initialized.

Elaborating module <top_cla_32>.

Elaborating module <cla_32>.

Elaborating module <cla_16>.

Elaborating module <cla_8>.

Elaborating module <cla_4>.

Elaborating module <cla_2>.

Elaborating module <add>.

Elaborating module <g_p>.
WARNING:HDLCompiler:1127 - "E:\fpga_svn\cpu_pc_if_id_itype\pipe_if.v" Line 42: Assignment to npc4_carry ignored, since the identifier is never used
WARNING:HDLCompiler:1127 - "E:\fpga_svn\cpu_pc_if_id_itype\pipe_if.v" Line 43: Assignment to npc8_carry ignored, since the identifier is never used

Elaborating module <mux4x32>.

Elaborating module <pipe_id>.

Elaborating module <regfiles>.

Elaborating module <controlunit>.

Elaborating module <ext>.

Elaborating module <ext(WIDTH=16)>.

Elaborating module <mux2x32(WIDTH=5)>.

Elaborating module <pipe_exe>.

Elaborating module <alu>.

Elaborating module <addsub32>.

Elaborating module <add1>.
WARNING:HDLCompiler:1127 - "E:\fpga_svn\cpu_pc_if_id_itype\addsub32.v" Line 58: Assignment to add_cout ignored, since the identifier is never used
WARNING:HDLCompiler:91 - "E:\fpga_svn\cpu_pc_if_id_itype\addsub32.v" Line 68: Signal <add_result> missing in the sensitivity list is added for synthesis purposes. HDL and post-synthesis simulations may differ as a result.
WARNING:HDLCompiler:91 - "E:\fpga_svn\cpu_pc_if_id_itype\addsub32.v" Line 69: Signal <addu_result> missing in the sensitivity list is added for synthesis purposes. HDL and post-synthesis simulations may differ as a result.
WARNING:HDLCompiler:91 - "E:\fpga_svn\cpu_pc_if_id_itype\addsub32.v" Line 75: Signal <addu_result> missing in the sensitivity list is added for synthesis purposes. HDL and post-synthesis simulations may differ as a result.
WARNING:HDLCompiler:91 - "E:\fpga_svn\cpu_pc_if_id_itype\addsub32.v" Line 76: Signal <addu_cout> missing in the sensitivity list is added for synthesis purposes. HDL and post-synthesis simulations may differ as a result.

Elaborating module <slt>.
WARNING:HDLCompiler:1127 - "E:\fpga_svn\cpu_pc_if_id_itype\slt.v" Line 33: Assignment to c_r ignored, since the identifier is never used

Elaborating module <bshifter32_carry>.

Elaborating module <barrelshifter32>.

Elaborating module <mux2x32>.

Elaborating module <mux4x32(WIDTH=1)>.
WARNING:HDLCompiler:1127 - "E:\fpga_svn\cpu_pc_if_id_itype\top_cpu.v" Line 99: Assignment to carry ignored, since the identifier is never used

Elaborating module <pipe_mem>.

Elaborating module <ram(WIDTH=32,DEPTH=5,INIT=0)>.

Elaborating module <pipe_wb>.
WARNING:Xst:2972 - "e:/fpga_svn/cpu_pc_if_id_itype/top_cpu.v" line 96. All outputs of instance <pcreg> of block <dffe> are unconnected in block <top_cpu>. Underlying logic will be removed.
WARNING:Xst:2972 - "e:/fpga_svn/cpu_pc_if_id_itype/top_cpu.v" line 97. All outputs of instance <pipeif> of block <pipe_if> are unconnected in block <top_cpu>. Underlying logic will be removed.
WARNING:Xst:2972 - "e:/fpga_svn/cpu_pc_if_id_itype/top_cpu.v" line 98. All outputs of instance <pipeid> of block <pipe_id> are unconnected in block <top_cpu>. Underlying logic will be removed.
WARNING:Xst:2972 - "e:/fpga_svn/cpu_pc_if_id_itype/top_cpu.v" line 99. All outputs of instance <pipeexe> of block <pipe_exe> are unconnected in block <top_cpu>. Underlying logic will be removed.
WARNING:Xst:2972 - "e:/fpga_svn/cpu_pc_if_id_itype/top_cpu.v" line 100. All outputs of instance <pipemem> of block <pipe_mem> are unconnected in block <top_cpu>. Underlying logic will be removed.
WARNING:Xst:2972 - "e:/fpga_svn/cpu_pc_if_id_itype/top_cpu.v" line 101. All outputs of instance <pipewb> of block <pipe_wb> are unconnected in block <top_cpu>. Underlying logic will be removed.

=========================================================================
*                           HDL Synthesis                               *
=========================================================================

Synthesizing Unit <top_cpu>.
    Related source file is "e:/fpga_svn/cpu_pc_if_id_itype/top_cpu.v".
INFO:Xst:3210 - "e:/fpga_svn/cpu_pc_if_id_itype/top_cpu.v" line 99: Output port <carry> of the instance <pipeexe> is unconnected or connected to loadless signal.
INFO:Xst:3210 - "e:/fpga_svn/cpu_pc_if_id_itype/top_cpu.v" line 99: Output port <negative> of the instance <pipeexe> is unconnected or connected to loadless signal.
INFO:Xst:3210 - "e:/fpga_svn/cpu_pc_if_id_itype/top_cpu.v" line 99: Output port <overflow> of the instance <pipeexe> is unconnected or connected to loadless signal.
    Summary:
	no macro.
Unit <top_cpu> synthesized.

Synthesizing Unit <ram_1>.
    Related source file is "e:/fpga_svn/cpu_pc_if_id_itype/ram.v".
        WIDTH = 32
        DEPTH = 5
        INIT = 1
    Found 32x32-bit single-port RAM <Mram_ram> for signal <ram>.
    Summary:
	inferred   1 RAM(s).
Unit <ram_1> synthesized.

Synthesizing Unit <top_cla_32>.
    Related source file is "e:/fpga_svn/cpu_pc_if_id_itype/top_cla_32.v".
    Summary:
	no macro.
Unit <top_cla_32> synthesized.

Synthesizing Unit <cla_32>.
    Related source file is "e:/fpga_svn/cpu_pc_if_id_itype/cla_32.v".
    Summary:
	no macro.
Unit <cla_32> synthesized.

Synthesizing Unit <cla_16>.
    Related source file is "e:/fpga_svn/cpu_pc_if_id_itype/cla_16.v".
    Summary:
	no macro.
Unit <cla_16> synthesized.

Synthesizing Unit <cla_8>.
    Related source file is "e:/fpga_svn/cpu_pc_if_id_itype/cla_8.v".
    Summary:
	no macro.
Unit <cla_8> synthesized.

Synthesizing Unit <cla_4>.
    Related source file is "e:/fpga_svn/cpu_pc_if_id_itype/cla_4.v".
    Summary:
	no macro.
Unit <cla_4> synthesized.

Synthesizing Unit <cla_2>.
    Related source file is "e:/fpga_svn/cpu_pc_if_id_itype/cla_2.v".
    Summary:
	no macro.
Unit <cla_2> synthesized.

Synthesizing Unit <add>.
    Related source file is "e:/fpga_svn/cpu_pc_if_id_itype/add.v".
    Summary:
Unit <add> synthesized.

Synthesizing Unit <g_p>.
    Related source file is "e:/fpga_svn/cpu_pc_if_id_itype/g_p.v".
    Summary:
	no macro.
Unit <g_p> synthesized.

Synthesizing Unit <mux4x32>.
    Related source file is "e:/fpga_svn/cpu_pc_if_id_itype/mux4x32.v".
        WIDTH = 32
    Found 32-bit 4-to-1 multiplexer for signal <r> created at line 32.
    Summary:
	inferred   1 Multiplexer(s).
Unit <mux4x32> synthesized.

Synthesizing Unit <regfiles>.
    Related source file is "e:/fpga_svn/cpu_pc_if_id_itype/regfiles.v".
    Found 1024-bit register for signal <n0051[1023:0]>.
    Summary:
	inferred 1024 D-type flip-flop(s).
Unit <regfiles> synthesized.

Synthesizing Unit <controlunit>.
    Related source file is "e:/fpga_svn/cpu_pc_if_id_itype/controlunit.v".
    Summary:
	no macro.
Unit <controlunit> synthesized.

Synthesizing Unit <ext>.
    Related source file is "e:/fpga_svn/cpu_pc_if_id_itype/ext.v".
        WIDTH = 5
    Summary:
	no macro.
Unit <ext> synthesized.

Synthesizing Unit <ext_1>.
    Related source file is "e:/fpga_svn/cpu_pc_if_id_itype/ext.v".
        WIDTH = 16
    Summary:
	no macro.
Unit <ext_1> synthesized.

Synthesizing Unit <mux2x32_1>.
    Related source file is "e:/fpga_svn/cpu_pc_if_id_itype/mux2x32.v".
        WIDTH = 5
    Summary:
	no macro.
Unit <mux2x32_1> synthesized.

Synthesizing Unit <alu>.
    Related source file is "e:/fpga_svn/cpu_pc_if_id_itype/alu.v".
    Summary:
	no macro.
Unit <alu> synthesized.

Synthesizing Unit <addsub32>.
    Related source file is "e:/fpga_svn/cpu_pc_if_id_itype/addsub32.v".
INFO:Xst:3210 - "e:/fpga_svn/cpu_pc_if_id_itype/addsub32.v" line 58: Output port <co> of the instance <add_32> is unconnected or connected to loadless signal.
    Found 1-bit comparator equal for signal <add_result_addu_result[31]_equal_4_o> created at line 68
    Summary:
	inferred   1 Comparator(s).
	inferred   7 Multiplexer(s).
Unit <addsub32> synthesized.

Synthesizing Unit <add1>.
    Related source file is "e:/fpga_svn/cpu_pc_if_id_itype/add1.v".
    Summary:
Unit <add1> synthesized.

Synthesizing Unit <slt>.
    Related source file is "e:/fpga_svn/cpu_pc_if_id_itype/slt.v".
INFO:Xst:3210 - "e:/fpga_svn/cpu_pc_if_id_itype/slt.v" line 33: Output port <c> of the instance <addsub_slt> is unconnected or connected to loadless signal.
INFO:Xst:3210 - "e:/fpga_svn/cpu_pc_if_id_itype/slt.v" line 33: Output port <overflow> of the instance <addsub_slt> is unconnected or connected to loadless signal.
    Summary:
	inferred   1 Multiplexer(s).
Unit <slt> synthesized.

Synthesizing Unit <bshifter32_carry>.
    Related source file is "e:/fpga_svn/cpu_pc_if_id_itype/bshifter32_carry.v".
    Found 5-bit subtractor for signal <b[4]_GND_26_o_sub_1_OUT> created at line 37.
    Found 32-bit 3-to-1 multiplexer for signal <c_r> created at line 40.
    Summary:
	inferred   1 Adder/Subtractor(s).
	inferred   5 Multiplexer(s).
Unit <bshifter32_carry> synthesized.

Synthesizing Unit <barrelshifter32>.
    Related source file is "e:/fpga_svn/cpu_pc_if_id_itype/barrelshifter32.v".
    Found 32-bit 3-to-1 multiplexer for signal <temp> created at line 35.
    Summary:
	inferred 166 Multiplexer(s).
Unit <barrelshifter32> synthesized.

Synthesizing Unit <mux2x32>.
    Related source file is "e:/fpga_svn/cpu_pc_if_id_itype/mux2x32.v".
        WIDTH = 32
    Summary:
	inferred   1 Multiplexer(s).
Unit <mux2x32> synthesized.

Synthesizing Unit <mux4x32_1>.
    Related source file is "e:/fpga_svn/cpu_pc_if_id_itype/mux4x32.v".
        WIDTH = 1
    Found 1-bit 4-to-1 multiplexer for signal <r> created at line 32.
    Summary:
	inferred   1 Multiplexer(s).
Unit <mux4x32_1> synthesized.

Synthesizing Unit <ram_2>.
    Related source file is "e:/fpga_svn/cpu_pc_if_id_itype/ram.v".
        WIDTH = 32
        DEPTH = 5
        INIT = 0
    Found 32x32-bit single-port RAM <Mram_ram> for signal <ram>.
    Summary:
	inferred   1 RAM(s).
Unit <ram_2> synthesized.

=========================================================================
HDL Synthesis Report

Found no macro
=========================================================================

=========================================================================
*                       Advanced HDL Synthesis                          *
=========================================================================


=========================================================================
Advanced HDL Synthesis Report

Found no macro
=========================================================================

=========================================================================
*                         Low Level Synthesis                           *
=========================================================================

Optimizing unit <top_cpu> ...

Mapping all equations...
Building and optimizing final netlist ...
Found area constraint ratio of 100 (+ 5) on block top_cpu, actual ratio is 0.

Final Macro Processing ...

=========================================================================
Final Register Report

Found no macro
=========================================================================

=========================================================================
*                           Partition Report                            *
=========================================================================

Partition Implementation Status
-------------------------------

  No Partitions were found in this design.

-------------------------------

=========================================================================
*                            Design Summary                             *
=========================================================================

Top Level Output File Name         : top_cpu.ngc

Primitive and Black Box Usage:
------------------------------

Device utilization summary:
---------------------------

Selected Device : 6slx16csg324-3 


Slice Logic Utilization: 

Slice Logic Distribution: 
 Number of LUT Flip Flop pairs used:      0
   Number with an unused Flip Flop:       0  out of      0         
   Number with an unused LUT:             0  out of      0         
   Number of fully used LUT-FF pairs:     0  out of      0         
   Number of unique control sets:         0

IO Utilization: 
 Number of IOs:                          34
 Number of bonded IOBs:                   0  out of    232     0%  

Specific Feature Utilization:

---------------------------
Partition Resource Summary:
---------------------------

  No Partitions were found in this design.

---------------------------


=========================================================================
Timing Report

NOTE: THESE TIMING NUMBERS ARE ONLY A SYNTHESIS ESTIMATE.
      FOR ACCURATE TIMING INFORMATION PLEASE REFER TO THE TRACE REPORT
      GENERATED AFTER PLACE-and-ROUTE.

Clock Information:
------------------
No clock signals found in this design

Asynchronous Control Signals Information:
----------------------------------------
No asynchronous control signals found in this design

Timing Summary:
---------------
Speed Grade: -3

   Minimum period: No path found
   Minimum input arrival time before clock: No path found
   Maximum output required time after clock: No path found
   Maximum combinational path delay: No path found

Timing Details:
---------------
All values displayed in nanoseconds (ns)

=========================================================================

Cross Clock Domains Report:
--------------------------

=========================================================================


Total REAL time to Xst completion: 6.00 secs
Total CPU time to Xst completion: 5.75 secs
 
--> 

Total memory usage is 197072 kilobytes

Number of errors   :    0 (   0 filtered)
Number of warnings :   16 (   0 filtered)
Number of infos    :    6 (   0 filtered)

